<?xml version="1.0" encoding="UTF-8"?>
<coverage generated="1691936245058" clover="3.2.0">
  <project timestamp="1691936245058" name="All files">
    <metrics statements="217" coveredstatements="201" conditionals="152" coveredconditionals="107" methods="54" coveredmethods="49" elements="423" coveredelements="357" complexity="0" loc="217" ncloc="217" packages="5" files="10" classes="10"/>
    <package name="components">
      <metrics statements="1" coveredstatements="1" conditionals="0" coveredconditionals="0" methods="1" coveredmethods="1"/>
      <file name="ErrorModal.jsx" path="C:\Users\Horou\Documents\GitHub\1d-final-project-2023-sds-2023-team-03\frontend\src\components\ErrorModal.jsx">
        <metrics statements="1" coveredstatements="1" conditionals="0" coveredconditionals="0" methods="1" coveredmethods="1"/>
        <line num="4" count="48" type="stmt"/>
      </file>
    </package>
    <package name="components.merchandising_components">
      <metrics statements="95" coveredstatements="86" conditionals="94" coveredconditionals="67" methods="30" coveredmethods="27"/>
      <file name="MerchandisingTable.jsx" path="C:\Users\Horou\Documents\GitHub\1d-final-project-2023-sds-2023-team-03\frontend\src\components\merchandising_components\MerchandisingTable.jsx">
        <metrics statements="79" coveredstatements="75" conditionals="70" coveredconditionals="59" methods="24" coveredmethods="22"/>
        <line num="7" count="75" type="stmt"/>
        <line num="15" count="75" type="stmt"/>
        <line num="16" count="75" type="stmt"/>
        <line num="17" count="75" type="stmt"/>
        <line num="18" count="75" type="stmt"/>
        <line num="19" count="75" type="stmt"/>
        <line num="23" count="75" type="stmt"/>
        <line num="24" count="75" type="stmt"/>
        <line num="25" count="75" type="stmt"/>
        <line num="26" count="75" type="cond" truecount="1" falsecount="1"/>
        <line num="27" count="75" type="stmt"/>
        <line num="28" count="75" type="stmt"/>
        <line num="29" count="15000" type="cond" truecount="1" falsecount="1"/>
        <line num="30" count="75" type="stmt"/>
        <line num="32" count="75" type="stmt"/>
        <line num="35" count="75" type="stmt"/>
        <line num="37" count="75" type="stmt"/>
        <line num="38" count="17" type="stmt"/>
        <line num="39" count="17" type="cond" truecount="1" falsecount="1"/>
        <line num="40" count="17" type="cond" truecount="1" falsecount="1"/>
        <line num="41" count="17" type="cond" truecount="2" falsecount="0"/>
        <line num="44" count="75" type="stmt"/>
        <line num="45" count="46" type="cond" truecount="4" falsecount="0"/>
        <line num="46" count="17" type="stmt"/>
        <line num="47" count="17" type="stmt"/>
        <line num="48" count="29" type="cond" truecount="1" falsecount="1"/>
        <line num="49" count="0" type="stmt"/>
        <line num="52" count="29" type="stmt"/>
        <line num="53" count="29" type="stmt"/>
        <line num="55" count="29" type="stmt"/>
        <line num="56" count="29" type="stmt"/>
        <line num="57" count="29" type="stmt"/>
        <line num="58" count="12456" type="cond" truecount="2" falsecount="0"/>
        <line num="59" count="10200" type="stmt"/>
        <line num="60" count="10200" type="stmt"/>
        <line num="62" count="2256" type="stmt"/>
        <line num="63" count="2256" type="stmt"/>
        <line num="66" count="12456" type="cond" truecount="3" falsecount="1"/>
        <line num="67" count="8825" type="cond" truecount="4" falsecount="0"/>
        <line num="68" count="1136" type="stmt"/>
        <line num="71" count="8700" type="cond" truecount="3" falsecount="1"/>
        <line num="72" count="0" type="stmt"/>
        <line num="75" count="5800" type="cond" truecount="4" falsecount="0"/>
        <line num="76" count="1458" type="stmt"/>
        <line num="78" count="4342" type="stmt"/>
        <line num="81" count="29" type="stmt"/>
        <line num="82" count="4342" type="cond" truecount="2" falsecount="0"/>
        <line num="83" count="200" type="stmt"/>
        <line num="84" count="200" type="stmt"/>
        <line num="85" count="200" type="cond" truecount="5" falsecount="0"/>
        <line num="86" count="6" type="stmt"/>
        <line num="87" count="6" type="stmt"/>
        <line num="88" count="6" type="stmt"/>
        <line num="92" count="200" type="cond" truecount="3" falsecount="1"/>
        <line num="95" count="29" type="cond" truecount="4" falsecount="0"/>
        <line num="96" count="28" type="stmt"/>
        <line num="98" count="1" type="stmt"/>
        <line num="99" count="6" type="stmt"/>
        <line num="103" count="29" type="stmt"/>
        <line num="104" count="29" type="stmt"/>
        <line num="105" count="29" type="stmt"/>
        <line num="106" count="29" type="stmt"/>
        <line num="110" count="7116" type="stmt"/>
        <line num="111" count="8215" type="stmt"/>
        <line num="116" count="36977" type="stmt"/>
        <line num="117" count="40405" type="stmt"/>
        <line num="122" count="6916" type="cond" truecount="5" falsecount="0"/>
        <line num="123" count="6136" type="stmt"/>
        <line num="125" count="780" type="stmt"/>
        <line num="130" count="194" type="cond" truecount="3" falsecount="1"/>
        <line num="131" count="194" type="stmt"/>
        <line num="134" count="17290" type="cond" truecount="2" falsecount="0"/>
        <line num="136" count="75" type="stmt"/>
        <line num="150" count="3458" type="stmt"/>
        <line num="173" count="9" type="stmt"/>
        <line num="205" count="0" type="stmt"/>
        <line num="218" count="3458" type="stmt"/>
        <line num="225" count="0" type="stmt"/>
        <line num="232" count="3" type="stmt"/>
      </file>
      <file name="ProductInsights.jsx" path="C:\Users\Horou\Documents\GitHub\1d-final-project-2023-sds-2023-team-03\frontend\src\components\merchandising_components\ProductInsights.jsx">
        <metrics statements="16" coveredstatements="11" conditionals="24" coveredconditionals="8" methods="6" coveredmethods="5"/>
        <line num="9" count="2" type="stmt"/>
        <line num="23" count="3" type="stmt"/>
        <line num="25" count="3" type="stmt"/>
        <line num="26" count="1" type="cond" truecount="1" falsecount="1"/>
        <line num="27" count="1" type="stmt"/>
        <line num="28" count="1" type="stmt"/>
        <line num="30" count="0" type="stmt"/>
        <line num="31" count="0" type="stmt"/>
        <line num="32" count="0" type="cond" truecount="0" falsecount="2"/>
        <line num="33" count="0" type="cond" truecount="0" falsecount="2"/>
        <line num="34" count="0" type="stmt"/>
        <line num="39" count="3" type="stmt"/>
        <line num="40" count="3" type="stmt"/>
        <line num="42" count="2" type="cond" truecount="3" falsecount="5"/>
        <line num="43" count="2" type="cond" truecount="1" falsecount="5"/>
        <line num="44" count="2" type="stmt"/>
      </file>
    </package>
    <package name="components.sales_components">
      <metrics statements="74" coveredstatements="68" conditionals="33" coveredconditionals="24" methods="18" coveredmethods="16"/>
      <file name="CategorySearch.jsx" path="C:\Users\Horou\Documents\GitHub\1d-final-project-2023-sds-2023-team-03\frontend\src\components\sales_components\CategorySearch.jsx">
        <metrics statements="46" coveredstatements="43" conditionals="13" coveredconditionals="11" methods="10" coveredmethods="9"/>
        <line num="13" count="1" type="stmt"/>
        <line num="15" count="26" type="stmt"/>
        <line num="16" count="26" type="stmt"/>
        <line num="17" count="26" type="stmt"/>
        <line num="18" count="26" type="stmt"/>
        <line num="19" count="26" type="stmt"/>
        <line num="22" count="26" type="stmt"/>
        <line num="23" count="26" type="stmt"/>
        <line num="24" count="26" type="stmt"/>
        <line num="25" count="26" type="stmt"/>
        <line num="26" count="26" type="stmt"/>
        <line num="29" count="26" type="stmt"/>
        <line num="30" count="26" type="stmt"/>
        <line num="31" count="26" type="stmt"/>
        <line num="33" count="26" type="stmt"/>
        <line num="34" count="14" type="cond" truecount="4" falsecount="1"/>
        <line num="35" count="11" type="stmt"/>
        <line num="42" count="11" type="cond" truecount="1" falsecount="1"/>
        <line num="43" count="0" type="stmt"/>
        <line num="45" count="11" type="stmt"/>
        <line num="48" count="11" type="stmt"/>
        <line num="49" count="11" type="stmt"/>
        <line num="50" count="11" type="stmt"/>
        <line num="62" count="11" type="stmt"/>
        <line num="63" count="11" type="stmt"/>
        <line num="64" count="0" type="stmt"/>
        <line num="72" count="0" type="stmt"/>
        <line num="74" count="10" type="stmt"/>
        <line num="75" count="10" type="stmt"/>
        <line num="77" count="11" type="stmt"/>
        <line num="81" count="4" type="stmt"/>
        <line num="82" count="4" type="cond" truecount="4" falsecount="0"/>
        <line num="84" count="1" type="stmt"/>
        <line num="85" count="1" type="stmt"/>
        <line num="87" count="1" type="stmt"/>
        <line num="88" count="1" type="stmt"/>
        <line num="90" count="1" type="stmt"/>
        <line num="91" count="1" type="stmt"/>
        <line num="93" count="1" type="stmt"/>
        <line num="94" count="1" type="stmt"/>
        <line num="101" count="26" type="cond" truecount="2" falsecount="0"/>
        <line num="103" count="3" type="stmt"/>
        <line num="119" count="1" type="stmt"/>
        <line num="127" count="23" type="stmt"/>
        <line num="134" count="3" type="stmt"/>
        <line num="145" count="26" type="stmt"/>
      </file>
      <file name="CategorySelect.jsx" path="C:\Users\Horou\Documents\GitHub\1d-final-project-2023-sds-2023-team-03\frontend\src\components\sales_components\CategorySelect.jsx">
        <metrics statements="1" coveredstatements="1" conditionals="0" coveredconditionals="0" methods="1" coveredmethods="1"/>
        <line num="4" count="27" type="stmt"/>
      </file>
      <file name="DateSegment.jsx" path="C:\Users\Horou\Documents\GitHub\1d-final-project-2023-sds-2023-team-03\frontend\src\components\sales_components\DateSegment.jsx">
        <metrics statements="3" coveredstatements="3" conditionals="0" coveredconditionals="0" methods="1" coveredmethods="1"/>
        <line num="7" count="1" type="stmt"/>
        <line num="8" count="24" type="stmt"/>
        <line num="15" count="24" type="stmt"/>
      </file>
      <file name="SalesBar.jsx" path="C:\Users\Horou\Documents\GitHub\1d-final-project-2023-sds-2023-team-03\frontend\src\components\sales_components\SalesBar.jsx">
        <metrics statements="22" coveredstatements="19" conditionals="20" coveredconditionals="13" methods="5" coveredmethods="4"/>
        <line num="4" count="11" type="stmt"/>
        <line num="6" count="11" type="stmt"/>
        <line num="7" count="11" type="stmt"/>
        <line num="11" count="11" type="cond" truecount="1" falsecount="1"/>
        <line num="12" count="0" type="stmt"/>
        <line num="20" count="11" type="stmt"/>
        <line num="21" count="11" type="stmt"/>
        <line num="24" count="76" type="stmt"/>
        <line num="28" count="11" type="stmt"/>
        <line num="30" count="11" type="cond" truecount="2" falsecount="0"/>
        <line num="31" count="10" type="stmt"/>
        <line num="32" count="1" type="cond" truecount="3" falsecount="1"/>
        <line num="33" count="1" type="stmt"/>
        <line num="36" count="11" type="stmt"/>
        <line num="73" count="0" type="cond" truecount="0" falsecount="2"/>
        <line num="87" count="76" type="cond" truecount="2" falsecount="0"/>
        <line num="104" count="11" type="stmt"/>
        <line num="105" count="11" type="cond" truecount="1" falsecount="1"/>
        <line num="106" count="0" type="stmt"/>
        <line num="107" count="11" type="cond" truecount="2" falsecount="0"/>
        <line num="108" count="4" type="stmt"/>
        <line num="110" count="11" type="stmt"/>
      </file>
      <file name="SalesSegment.jsx" path="C:\Users\Horou\Documents\GitHub\1d-final-project-2023-sds-2023-team-03\frontend\src\components\sales_components\SalesSegment.jsx">
        <metrics statements="2" coveredstatements="2" conditionals="0" coveredconditionals="0" methods="1" coveredmethods="1"/>
        <line num="4" count="3" type="stmt"/>
        <line num="11" count="3" type="stmt"/>
      </file>
    </package>
    <package name="robustness_tests">
      <metrics statements="46" coveredstatements="45" conditionals="25" coveredconditionals="16" methods="5" coveredmethods="5"/>
      <file name="merch_table_fuzzer.js" path="C:\Users\Horou\Documents\GitHub\1d-final-project-2023-sds-2023-team-03\frontend\src\robustness_tests\merch_table_fuzzer.js">
        <metrics statements="46" coveredstatements="45" conditionals="25" coveredconditionals="16" methods="5" coveredmethods="5"/>
        <line num="13" count="5283" type="stmt"/>
        <line num="14" count="5283" type="stmt"/>
        <line num="15" count="5283" type="stmt"/>
        <line num="16" count="104076" type="cond" truecount="1" falsecount="1"/>
        <line num="17" count="104076" type="stmt"/>
        <line num="19" count="5283" type="stmt"/>
        <line num="37" count="51" type="stmt"/>
        <line num="38" count="51" type="stmt"/>
        <line num="40" count="51" type="cond" truecount="2" falsecount="0"/>
        <line num="41" count="1727" type="stmt"/>
        <line num="42" count="1727" type="stmt"/>
        <line num="43" count="1727" type="stmt"/>
        <line num="44" count="1727" type="cond" truecount="1" falsecount="1"/>
        <line num="45" count="1727" type="stmt"/>
        <line num="47" count="1727" type="stmt"/>
        <line num="48" count="1727" type="cond" truecount="1" falsecount="1"/>
        <line num="49" count="1727" type="stmt"/>
        <line num="50" count="1727" type="stmt"/>
        <line num="52" count="0" type="stmt"/>
        <line num="55" count="51" type="stmt"/>
        <line num="84" count="1" type="cond" truecount="1" falsecount="1"/>
        <line num="85" count="1" type="cond" truecount="1" falsecount="1"/>
        <line num="86" count="1" type="cond" truecount="1" falsecount="1"/>
        <line num="87" count="1" type="cond" truecount="1" falsecount="1"/>
        <line num="88" count="1" type="cond" truecount="2" falsecount="0"/>
        <line num="89" count="1" type="cond" truecount="1" falsecount="1"/>
        <line num="91" count="1" type="stmt"/>
        <line num="92" count="1" type="stmt"/>
        <line num="94" count="1" type="stmt"/>
        <line num="95" count="1" type="stmt"/>
        <line num="96" count="49" type="stmt"/>
        <line num="97" count="49" type="stmt"/>
        <line num="98" count="49" type="cond" truecount="2" falsecount="0"/>
        <line num="99" count="2" type="stmt"/>
        <line num="100" count="2" type="stmt"/>
        <line num="102" count="49" type="stmt"/>
        <line num="103" count="49" type="stmt"/>
        <line num="106" count="1" type="stmt"/>
        <line num="107" count="1" type="stmt"/>
        <line num="109" count="1" type="stmt"/>
        <line num="132" count="1" type="stmt"/>
        <line num="133" count="1" type="stmt"/>
        <line num="134" count="94" type="stmt"/>
        <line num="137" count="1" type="stmt"/>
        <line num="144" count="1" type="stmt"/>
        <line num="153" count="1" type="stmt"/>
      </file>
    </package>
    <package name="unit_tests">
      <metrics statements="1" coveredstatements="1" conditionals="0" coveredconditionals="0" methods="0" coveredmethods="0"/>
      <file name="stub.js" path="C:\Users\Horou\Documents\GitHub\1d-final-project-2023-sds-2023-team-03\frontend\src\unit_tests\stub.js">
        <metrics statements="1" coveredstatements="1" conditionals="0" coveredconditionals="0" methods="0" coveredmethods="0"/>
        <line num="1" count="1" type="stmt"/>
      </file>
    </package>
  </project>
</coverage>
