{"C:\\Users\\Horou\\Documents\\GitHub\\1d-final-project-2023-sds-2023-team-03\\frontend\\src\\components\\ErrorModal.jsx": {"path":"C:\\Users\\Horou\\Documents\\GitHub\\1d-final-project-2023-sds-2023-team-03\\frontend\\src\\components\\ErrorModal.jsx","statementMap":{"0":{"start":{"line":4,"column":4},"end":{"line":8,"column":5}}},"fnMap":{"0":{"name":"ErrorModal","decl":{"start":{"line":3,"column":9},"end":{"line":3,"column":19}},"loc":{"start":{"line":3,"column":59},"end":{"line":9,"column":1}},"line":3}},"branchMap":{},"s":{"0":0},"f":{"0":0},"b":{},"_coverageSchema":"1a1c01bbd47fc00a2c39e90264f33305004495a9","hash":"9a831ba3c2b1a0a0855ca832fe9ce991ae7f86c3"}
,"C:\\Users\\Horou\\Documents\\GitHub\\1d-final-project-2023-sds-2023-team-03\\frontend\\src\\components\\sales_components\\CategorySearch.jsx": {"path":"C:\\Users\\Horou\\Documents\\GitHub\\1d-final-project-2023-sds-2023-team-03\\frontend\\src\\components\\sales_components\\CategorySearch.jsx","statementMap":{"0":{"start":{"line":13,"column":23},"end":{"line":159,"column":1}},"1":{"start":{"line":15,"column":18},"end":{"line":15,"column":28}},"2":{"start":{"line":16,"column":21},"end":{"line":16,"column":70}},"3":{"start":{"line":17,"column":22},"end":{"line":17,"column":72}},"4":{"start":{"line":18,"column":25},"end":{"line":18,"column":76}},"5":{"start":{"line":19,"column":21},"end":{"line":19,"column":72}},"6":{"start":{"line":22,"column":36},"end":{"line":22,"column":51}},"7":{"start":{"line":23,"column":40},"end":{"line":23,"column":68}},"8":{"start":{"line":24,"column":48},"end":{"line":24,"column":63}},"9":{"start":{"line":25,"column":44},"end":{"line":25,"column":66}},"10":{"start":{"line":26,"column":36},"end":{"line":26,"column":55}},"11":{"start":{"line":29,"column":38},"end":{"line":29,"column":58}},"12":{"start":{"line":30,"column":48},"end":{"line":30,"column":68}},"13":{"start":{"line":31,"column":38},"end":{"line":31,"column":58}},"14":{"start":{"line":34,"column":4},"end":{"line":38,"column":54}},"15":{"start":{"line":35,"column":8},"end":{"line":37,"column":9}},"16":{"start":{"line":36,"column":12},"end":{"line":36,"column":26}},"17":{"start":{"line":43,"column":8},"end":{"line":47,"column":9}},"18":{"start":{"line":44,"column":12},"end":{"line":44,"column":32}},"19":{"start":{"line":46,"column":12},"end":{"line":46,"column":30}},"20":{"start":{"line":49,"column":22},"end":{"line":49,"column":93}},"21":{"start":{"line":50,"column":20},"end":{"line":50,"column":91}},"22":{"start":{"line":51,"column":8},"end":{"line":58,"column":9}},"23":{"start":{"line":63,"column":8},"end":{"line":63,"column":29}},"24":{"start":{"line":64,"column":8},"end":{"line":77,"column":10}},"25":{"start":{"line":65,"column":12},"end":{"line":72,"column":14}},"26":{"start":{"line":73,"column":12},"end":{"line":73,"column":34}},"27":{"start":{"line":75,"column":12},"end":{"line":75,"column":34}},"28":{"start":{"line":76,"column":12},"end":{"line":76,"column":33}},"29":{"start":{"line":78,"column":8},"end":{"line":78,"column":20}},"30":{"start":{"line":82,"column":8},"end":{"line":82,"column":30}},"31":{"start":{"line":83,"column":8},"end":{"line":96,"column":9}},"32":{"start":{"line":85,"column":16},"end":{"line":85,"column":48}},"33":{"start":{"line":86,"column":16},"end":{"line":86,"column":22}},"34":{"start":{"line":88,"column":16},"end":{"line":88,"column":49}},"35":{"start":{"line":89,"column":16},"end":{"line":89,"column":22}},"36":{"start":{"line":91,"column":16},"end":{"line":91,"column":52}},"37":{"start":{"line":92,"column":16},"end":{"line":92,"column":22}},"38":{"start":{"line":94,"column":16},"end":{"line":94,"column":48}},"39":{"start":{"line":95,"column":16},"end":{"line":95,"column":22}},"40":{"start":{"line":102,"column":8},"end":{"line":141,"column":9}},"41":{"start":{"line":104,"column":16},"end":{"line":125,"column":17}},"42":{"start":{"line":120,"column":55},"end":{"line":120,"column":77}},"43":{"start":{"line":128,"column":16},"end":{"line":140,"column":17}},"44":{"start":{"line":135,"column":55},"end":{"line":135,"column":77}},"45":{"start":{"line":146,"column":4},"end":{"line":158,"column":5}}},"fnMap":{"0":{"name":"(anonymous_0)","decl":{"start":{"line":13,"column":23},"end":{"line":13,"column":24}},"loc":{"start":{"line":13,"column":46},"end":{"line":159,"column":1}},"line":13},"1":{"name":"(anonymous_1)","decl":{"start":{"line":34,"column":14},"end":{"line":34,"column":15}},"loc":{"start":{"line":34,"column":20},"end":{"line":38,"column":5}},"line":34},"2":{"name":"getProductData","decl":{"start":{"line":41,"column":19},"end":{"line":41,"column":33}},"loc":{"start":{"line":41,"column":36},"end":{"line":59,"column":5}},"line":41},"3":{"name":"requestData","decl":{"start":{"line":62,"column":13},"end":{"line":62,"column":24}},"loc":{"start":{"line":62,"column":27},"end":{"line":79,"column":5}},"line":62},"4":{"name":"(anonymous_4)","decl":{"start":{"line":64,"column":30},"end":{"line":64,"column":31}},"loc":{"start":{"line":64,"column":39},"end":{"line":74,"column":9}},"line":64},"5":{"name":"(anonymous_5)","decl":{"start":{"line":74,"column":17},"end":{"line":74,"column":18}},"loc":{"start":{"line":74,"column":23},"end":{"line":77,"column":9}},"line":74},"6":{"name":"handleDateSegment","decl":{"start":{"line":81,"column":13},"end":{"line":81,"column":30}},"loc":{"start":{"line":81,"column":36},"end":{"line":97,"column":5}},"line":81},"7":{"name":"renderDatePick","decl":{"start":{"line":101,"column":13},"end":{"line":101,"column":27}},"loc":{"start":{"line":101,"column":38},"end":{"line":142,"column":5}},"line":101},"8":{"name":"(anonymous_8)","decl":{"start":{"line":120,"column":49},"end":{"line":120,"column":50}},"loc":{"start":{"line":120,"column":55},"end":{"line":120,"column":77}},"line":120},"9":{"name":"(anonymous_9)","decl":{"start":{"line":135,"column":49},"end":{"line":135,"column":50}},"loc":{"start":{"line":135,"column":55},"end":{"line":135,"column":77}},"line":135}},"branchMap":{"0":{"loc":{"start":{"line":35,"column":8},"end":{"line":37,"column":9}},"type":"if","locations":[{"start":{"line":35,"column":8},"end":{"line":37,"column":9}},{"start":{},"end":{}}],"line":35},"1":{"loc":{"start":{"line":35,"column":14},"end":{"line":35,"column":78}},"type":"binary-expr","locations":[{"start":{"line":35,"column":14},"end":{"line":35,"column":22}},{"start":{"line":35,"column":27},"end":{"line":35,"column":50}},{"start":{"line":35,"column":54},"end":{"line":35,"column":77}}],"line":35},"2":{"loc":{"start":{"line":43,"column":8},"end":{"line":47,"column":9}},"type":"if","locations":[{"start":{"line":43,"column":8},"end":{"line":47,"column":9}},{"start":{"line":45,"column":15},"end":{"line":47,"column":9}}],"line":43},"3":{"loc":{"start":{"line":83,"column":8},"end":{"line":96,"column":9}},"type":"switch","locations":[{"start":{"line":84,"column":12},"end":{"line":86,"column":22}},{"start":{"line":87,"column":12},"end":{"line":89,"column":22}},{"start":{"line":90,"column":12},"end":{"line":92,"column":22}},{"start":{"line":93,"column":12},"end":{"line":95,"column":22}}],"line":83},"4":{"loc":{"start":{"line":102,"column":8},"end":{"line":141,"column":9}},"type":"switch","locations":[{"start":{"line":103,"column":12},"end":{"line":125,"column":17}},{"start":{"line":127,"column":12},"end":{"line":140,"column":17}}],"line":102}},"s":{"0":1,"1":0,"2":0,"3":0,"4":0,"5":0,"6":0,"7":0,"8":0,"9":0,"10":0,"11":0,"12":0,"13":0,"14":0,"15":0,"16":0,"17":0,"18":0,"19":0,"20":0,"21":0,"22":0,"23":0,"24":0,"25":0,"26":0,"27":0,"28":0,"29":0,"30":0,"31":0,"32":0,"33":0,"34":0,"35":0,"36":0,"37":0,"38":0,"39":0,"40":0,"41":0,"42":0,"43":0,"44":0,"45":0},"f":{"0":0,"1":0,"2":0,"3":0,"4":0,"5":0,"6":0,"7":0,"8":0,"9":0},"b":{"0":[0,0],"1":[0,0,0],"2":[0,0],"3":[0,0,0,0],"4":[0,0]},"_coverageSchema":"1a1c01bbd47fc00a2c39e90264f33305004495a9","hash":"7c8e81a443fddd8463077aab24ccedcf2c31f630"}
,"C:\\Users\\Horou\\Documents\\GitHub\\1d-final-project-2023-sds-2023-team-03\\frontend\\src\\components\\sales_components\\CategorySelect.jsx": {"path":"C:\\Users\\Horou\\Documents\\GitHub\\1d-final-project-2023-sds-2023-team-03\\frontend\\src\\components\\sales_components\\CategorySelect.jsx","statementMap":{"0":{"start":{"line":4,"column":2},"end":{"line":15,"column":4}}},"fnMap":{"0":{"name":"CategorySelect","decl":{"start":{"line":3,"column":9},"end":{"line":3,"column":23}},"loc":{"start":{"line":3,"column":39},"end":{"line":16,"column":1}},"line":3}},"branchMap":{},"s":{"0":3},"f":{"0":3},"b":{},"_coverageSchema":"1a1c01bbd47fc00a2c39e90264f33305004495a9","hash":"83a0ddac41eadffa30ef216b32940dab1f5c3d58"}
,"C:\\Users\\Horou\\Documents\\GitHub\\1d-final-project-2023-sds-2023-team-03\\frontend\\src\\components\\sales_components\\DateSegment.jsx": {"path":"C:\\Users\\Horou\\Documents\\GitHub\\1d-final-project-2023-sds-2023-team-03\\frontend\\src\\components\\sales_components\\DateSegment.jsx","statementMap":{"0":{"start":{"line":7,"column":20},"end":{"line":23,"column":1}},"1":{"start":{"line":8,"column":28},"end":{"line":13,"column":6}},"2":{"start":{"line":15,"column":4},"end":{"line":22,"column":6}}},"fnMap":{"0":{"name":"(anonymous_0)","decl":{"start":{"line":7,"column":20},"end":{"line":7,"column":21}},"loc":{"start":{"line":7,"column":58},"end":{"line":23,"column":1}},"line":7}},"branchMap":{},"s":{"0":1,"1":3,"2":3},"f":{"0":3},"b":{},"_coverageSchema":"1a1c01bbd47fc00a2c39e90264f33305004495a9","hash":"3841c3459bd39610efb20c55e1baa4b50016ad09"}
,"C:\\Users\\Horou\\Documents\\GitHub\\1d-final-project-2023-sds-2023-team-03\\frontend\\src\\components\\sales_components\\SalesBar.jsx": {"path":"C:\\Users\\Horou\\Documents\\GitHub\\1d-final-project-2023-sds-2023-team-03\\frontend\\src\\components\\sales_components\\SalesBar.jsx","statementMap":{"0":{"start":{"line":4,"column":19},"end":{"line":4,"column":32}},"1":{"start":{"line":6,"column":4},"end":{"line":8,"column":14}},"2":{"start":{"line":7,"column":8},"end":{"line":7,"column":30}},"3":{"start":{"line":11,"column":4},"end":{"line":26,"column":5}},"4":{"start":{"line":12,"column":8},"end":{"line":18,"column":9}},"5":{"start":{"line":20,"column":8},"end":{"line":20,"column":36}},"6":{"start":{"line":21,"column":8},"end":{"line":25,"column":10}},"7":{"start":{"line":24,"column":12},"end":{"line":24,"column":40}},"8":{"start":{"line":28,"column":16},"end":{"line":28,"column":70}},"9":{"start":{"line":30,"column":4},"end":{"line":34,"column":5}},"10":{"start":{"line":31,"column":8},"end":{"line":31,"column":89}},"11":{"start":{"line":32,"column":11},"end":{"line":34,"column":5}},"12":{"start":{"line":33,"column":8},"end":{"line":33,"column":112}},"13":{"start":{"line":36,"column":16},"end":{"line":102,"column":5}},"14":{"start":{"line":73,"column":24},"end":{"line":78,"column":30}},"15":{"start":{"line":87,"column":20},"end":{"line":92,"column":26}},"16":{"start":{"line":104,"column":17},"end":{"line":104,"column":22}},"17":{"start":{"line":105,"column":4},"end":{"line":109,"column":5}},"18":{"start":{"line":106,"column":8},"end":{"line":106,"column":23}},"19":{"start":{"line":107,"column":11},"end":{"line":109,"column":5}},"20":{"start":{"line":108,"column":8},"end":{"line":108,"column":23}},"21":{"start":{"line":110,"column":4},"end":{"line":110,"column":108}}},"fnMap":{"0":{"name":"SalesBar","decl":{"start":{"line":3,"column":9},"end":{"line":3,"column":17}},"loc":{"start":{"line":3,"column":65},"end":{"line":111,"column":1}},"line":3},"1":{"name":"(anonymous_1)","decl":{"start":{"line":6,"column":14},"end":{"line":6,"column":15}},"loc":{"start":{"line":6,"column":20},"end":{"line":8,"column":5}},"line":6},"2":{"name":"(anonymous_2)","decl":{"start":{"line":23,"column":13},"end":{"line":23,"column":14}},"loc":{"start":{"line":23,"column":20},"end":{"line":25,"column":9}},"line":23},"3":{"name":"(anonymous_3)","decl":{"start":{"line":72,"column":31},"end":{"line":72,"column":32}},"loc":{"start":{"line":72,"column":40},"end":{"line":79,"column":21}},"line":72},"4":{"name":"(anonymous_4)","decl":{"start":{"line":86,"column":27},"end":{"line":86,"column":28}},"loc":{"start":{"line":86,"column":41},"end":{"line":93,"column":17}},"line":86}},"branchMap":{"0":{"loc":{"start":{"line":3,"column":41},"end":{"line":3,"column":61}},"type":"default-arg","locations":[{"start":{"line":3,"column":56},"end":{"line":3,"column":61}}],"line":3},"1":{"loc":{"start":{"line":11,"column":4},"end":{"line":26,"column":5}},"type":"if","locations":[{"start":{"line":11,"column":4},"end":{"line":26,"column":5}},{"start":{"line":19,"column":11},"end":{"line":26,"column":5}}],"line":11},"2":{"loc":{"start":{"line":30,"column":4},"end":{"line":34,"column":5}},"type":"if","locations":[{"start":{"line":30,"column":4},"end":{"line":34,"column":5}},{"start":{"line":32,"column":11},"end":{"line":34,"column":5}}],"line":30},"3":{"loc":{"start":{"line":32,"column":11},"end":{"line":34,"column":5}},"type":"if","locations":[{"start":{"line":32,"column":11},"end":{"line":34,"column":5}},{"start":{},"end":{}}],"line":32},"4":{"loc":{"start":{"line":32,"column":15},"end":{"line":32,"column":29}},"type":"binary-expr","locations":[{"start":{"line":32,"column":15},"end":{"line":32,"column":19}},{"start":{"line":32,"column":23},"end":{"line":32,"column":29}}],"line":32},"5":{"loc":{"start":{"line":73,"column":31},"end":{"line":78,"column":29}},"type":"cond-expr","locations":[{"start":{"line":74,"column":24},"end":{"line":77,"column":40}},{"start":{"line":78,"column":26},"end":{"line":78,"column":29}}],"line":73},"6":{"loc":{"start":{"line":87,"column":27},"end":{"line":92,"column":25}},"type":"cond-expr","locations":[{"start":{"line":88,"column":20},"end":{"line":91,"column":36}},{"start":{"line":92,"column":22},"end":{"line":92,"column":25}}],"line":87},"7":{"loc":{"start":{"line":98,"column":22},"end":{"line":98,"column":63}},"type":"cond-expr","locations":[{"start":{"line":98,"column":39},"end":{"line":98,"column":48}},{"start":{"line":98,"column":51},"end":{"line":98,"column":63}}],"line":98},"8":{"loc":{"start":{"line":105,"column":4},"end":{"line":109,"column":5}},"type":"if","locations":[{"start":{"line":105,"column":4},"end":{"line":109,"column":5}},{"start":{"line":107,"column":11},"end":{"line":109,"column":5}}],"line":105},"9":{"loc":{"start":{"line":107,"column":11},"end":{"line":109,"column":5}},"type":"if","locations":[{"start":{"line":107,"column":11},"end":{"line":109,"column":5}},{"start":{},"end":{}}],"line":107}},"s":{"0":0,"1":0,"2":0,"3":0,"4":0,"5":0,"6":0,"7":0,"8":0,"9":0,"10":0,"11":0,"12":0,"13":0,"14":0,"15":0,"16":0,"17":0,"18":0,"19":0,"20":0,"21":0},"f":{"0":0,"1":0,"2":0,"3":0,"4":0},"b":{"0":[0],"1":[0,0],"2":[0,0],"3":[0,0],"4":[0,0],"5":[0,0],"6":[0,0],"7":[0,0],"8":[0,0],"9":[0,0]},"_coverageSchema":"1a1c01bbd47fc00a2c39e90264f33305004495a9","hash":"be9c0696234fa528532f900dcbc7974e4cfc742a"}
,"C:\\Users\\Horou\\Documents\\GitHub\\1d-final-project-2023-sds-2023-team-03\\frontend\\src\\components\\sales_components\\SalesSegment.jsx": {"path":"C:\\Users\\Horou\\Documents\\GitHub\\1d-final-project-2023-sds-2023-team-03\\frontend\\src\\components\\sales_components\\SalesSegment.jsx","statementMap":{"0":{"start":{"line":4,"column":17},"end":{"line":10,"column":5}},"1":{"start":{"line":12,"column":4},"end":{"line":20,"column":5}}},"fnMap":{"0":{"name":"SalesSegment","decl":{"start":{"line":3,"column":9},"end":{"line":3,"column":21}},"loc":{"start":{"line":3,"column":40},"end":{"line":21,"column":1}},"line":3}},"branchMap":{},"s":{"0":0,"1":0},"f":{"0":0},"b":{},"_coverageSchema":"1a1c01bbd47fc00a2c39e90264f33305004495a9","hash":"c592959a4d58764cb72d5274362d1eec96b35fb7"}
,"C:\\Users\\Horou\\Documents\\GitHub\\1d-final-project-2023-sds-2023-team-03\\frontend\\src\\unit_tests\\stub.js": {"path":"C:\\Users\\Horou\\Documents\\GitHub\\1d-final-project-2023-sds-2023-team-03\\frontend\\src\\unit_tests\\stub.js","statementMap":{"0":{"start":{"line":1,"column":0},"end":{"line":1,"column":17}}},"fnMap":{},"branchMap":{},"s":{"0":1},"f":{},"b":{},"_coverageSchema":"1a1c01bbd47fc00a2c39e90264f33305004495a9","hash":"ec82f557033242a4b4ae71200c6d4d820c1d7bc5"}
}
