{"C:\\Users\\Horou\\Documents\\GitHub\\1d-final-project-2023-sds-2023-team-03\\frontend\\src\\components\\ErrorModal.jsx": {"path":"C:\\Users\\Horou\\Documents\\GitHub\\1d-final-project-2023-sds-2023-team-03\\frontend\\src\\components\\ErrorModal.jsx","statementMap":{"0":{"start":{"line":4,"column":4},"end":{"line":8,"column":5}}},"fnMap":{"0":{"name":"ErrorModal","decl":{"start":{"line":3,"column":9},"end":{"line":3,"column":19}},"loc":{"start":{"line":3,"column":59},"end":{"line":9,"column":1}},"line":3}},"branchMap":{},"s":{"0":48},"f":{"0":48},"b":{},"_coverageSchema":"1a1c01bbd47fc00a2c39e90264f33305004495a9","hash":"9a831ba3c2b1a0a0855ca832fe9ce991ae7f86c3"}
,"C:\\Users\\Horou\\Documents\\GitHub\\1d-final-project-2023-sds-2023-team-03\\frontend\\src\\components\\merchandising_components\\MerchandisingTable.jsx": {"path":"C:\\Users\\Horou\\Documents\\GitHub\\1d-final-project-2023-sds-2023-team-03\\frontend\\src\\components\\merchandising_components\\MerchandisingTable.jsx","statementMap":{"0":{"start":{"line":7,"column":18},"end":{"line":12,"column":3}},"1":{"start":{"line":7,"column":43},"end":{"line":12,"column":1}},"2":{"start":{"line":15,"column":28},"end":{"line":15,"column":39}},"3":{"start":{"line":16,"column":40},"end":{"line":16,"column":52}},"4":{"start":{"line":17,"column":36},"end":{"line":17,"column":50}},"5":{"start":{"line":18,"column":38},"end":{"line":18,"column":50}},"6":{"start":{"line":19,"column":46},"end":{"line":22,"column":6}},"7":{"start":{"line":23,"column":38},"end":{"line":23,"column":50}},"8":{"start":{"line":24,"column":40},"end":{"line":24,"column":51}},"9":{"start":{"line":25,"column":28},"end":{"line":25,"column":39}},"10":{"start":{"line":26,"column":36},"end":{"line":26,"column":88}},"11":{"start":{"line":27,"column":23},"end":{"line":31,"column":6}},"12":{"start":{"line":28,"column":25},"end":{"line":28,"column":27}},"13":{"start":{"line":29,"column":8},"end":{"line":29,"column":83}},"14":{"start":{"line":29,"column":25},"end":{"line":29,"column":83}},"15":{"start":{"line":29,"column":62},"end":{"line":29,"column":80}},"16":{"start":{"line":30,"column":8},"end":{"line":30,"column":31}},"17":{"start":{"line":32,"column":56},"end":{"line":32,"column":76}},"18":{"start":{"line":35,"column":40},"end":{"line":35,"column":94}},"19":{"start":{"line":37,"column":4},"end":{"line":42,"column":42}},"20":{"start":{"line":38,"column":8},"end":{"line":38,"column":26}},"21":{"start":{"line":39,"column":8},"end":{"line":39,"column":65}},"22":{"start":{"line":39,"column":30},"end":{"line":39,"column":65}},"23":{"start":{"line":39,"column":66},"end":{"line":39,"column":77}},"24":{"start":{"line":40,"column":8},"end":{"line":40,"column":44}},"25":{"start":{"line":40,"column":25},"end":{"line":40,"column":44}},"26":{"start":{"line":41,"column":8},"end":{"line":41,"column":51}},"27":{"start":{"line":41,"column":25},"end":{"line":41,"column":51}},"28":{"start":{"line":44,"column":4},"end":{"line":107,"column":131}},"29":{"start":{"line":45,"column":8},"end":{"line":50,"column":9}},"30":{"start":{"line":46,"column":12},"end":{"line":46,"column":31}},"31":{"start":{"line":47,"column":12},"end":{"line":47,"column":19}},"32":{"start":{"line":48,"column":15},"end":{"line":50,"column":9}},"33":{"start":{"line":49,"column":12},"end":{"line":49,"column":19}},"34":{"start":{"line":52,"column":24},"end":{"line":52,"column":26}},"35":{"start":{"line":53,"column":25},"end":{"line":53,"column":27}},"36":{"start":{"line":55,"column":22},"end":{"line":55,"column":43}},"37":{"start":{"line":56,"column":21},"end":{"line":56,"column":37}},"38":{"start":{"line":57,"column":29},"end":{"line":79,"column":10}},"39":{"start":{"line":58,"column":12},"end":{"line":64,"column":13}},"40":{"start":{"line":59,"column":27},"end":{"line":59,"column":34}},"41":{"start":{"line":60,"column":27},"end":{"line":60,"column":34}},"42":{"start":{"line":62,"column":27},"end":{"line":62,"column":39}},"43":{"start":{"line":63,"column":27},"end":{"line":63,"column":39}},"44":{"start":{"line":66,"column":12},"end":{"line":66,"column":79}},"45":{"start":{"line":66,"column":29},"end":{"line":66,"column":79}},"46":{"start":{"line":67,"column":12},"end":{"line":67,"column":79}},"47":{"start":{"line":67,"column":29},"end":{"line":67,"column":79}},"48":{"start":{"line":68,"column":12},"end":{"line":68,"column":21}},"49":{"start":{"line":71,"column":12},"end":{"line":73,"column":13}},"50":{"start":{"line":71,"column":77},"end":{"line":71,"column":104}},"51":{"start":{"line":72,"column":16},"end":{"line":72,"column":29}},"52":{"start":{"line":75,"column":12},"end":{"line":77,"column":13}},"53":{"start":{"line":76,"column":16},"end":{"line":76,"column":28}},"54":{"start":{"line":78,"column":12},"end":{"line":78,"column":24}},"55":{"start":{"line":81,"column":8},"end":{"line":93,"column":11}},"56":{"start":{"line":82,"column":12},"end":{"line":82,"column":61}},"57":{"start":{"line":82,"column":54},"end":{"line":82,"column":61}},"58":{"start":{"line":83,"column":29},"end":{"line":83,"column":34}},"59":{"start":{"line":84,"column":12},"end":{"line":90,"column":13}},"60":{"start":{"line":85,"column":16},"end":{"line":89,"column":17}},"61":{"start":{"line":86,"column":20},"end":{"line":86,"column":39}},"62":{"start":{"line":87,"column":20},"end":{"line":87,"column":38}},"63":{"start":{"line":88,"column":20},"end":{"line":88,"column":26}},"64":{"start":{"line":92,"column":12},"end":{"line":92,"column":76}},"65":{"start":{"line":92,"column":58},"end":{"line":92,"column":76}},"66":{"start":{"line":95,"column":8},"end":{"line":101,"column":9}},"67":{"start":{"line":96,"column":12},"end":{"line":96,"column":37}},"68":{"start":{"line":98,"column":12},"end":{"line":100,"column":15}},"69":{"start":{"line":99,"column":16},"end":{"line":99,"column":37}},"70":{"start":{"line":103,"column":8},"end":{"line":103,"column":40}},"71":{"start":{"line":104,"column":27},"end":{"line":104,"column":55}},"72":{"start":{"line":105,"column":8},"end":{"line":105,"column":32}},"73":{"start":{"line":106,"column":8},"end":{"line":106,"column":27}},"74":{"start":{"line":110,"column":8},"end":{"line":112,"column":26}},"75":{"start":{"line":111,"column":12},"end":{"line":111,"column":26}},"76":{"start":{"line":116,"column":8},"end":{"line":118,"column":29}},"77":{"start":{"line":117,"column":12},"end":{"line":117,"column":35}},"78":{"start":{"line":122,"column":8},"end":{"line":126,"column":9}},"79":{"start":{"line":123,"column":12},"end":{"line":123,"column":25}},"80":{"start":{"line":125,"column":12},"end":{"line":125,"column":49}},"81":{"start":{"line":130,"column":8},"end":{"line":130,"column":71}},"82":{"start":{"line":130,"column":58},"end":{"line":130,"column":71}},"83":{"start":{"line":131,"column":8},"end":{"line":131,"column":83}},"84":{"start":{"line":134,"column":29},"end":{"line":134,"column":152}},"85":{"start":{"line":134,"column":47},"end":{"line":134,"column":152}},"86":{"start":{"line":136,"column":4},"end":{"line":252,"column":5}},"87":{"start":{"line":150,"column":24},"end":{"line":165,"column":31}},"88":{"start":{"line":173,"column":46},"end":{"line":173,"column":57}},"89":{"start":{"line":173,"column":58},"end":{"line":173,"column":94}},"90":{"start":{"line":205,"column":46},"end":{"line":205,"column":57}},"91":{"start":{"line":205,"column":58},"end":{"line":205,"column":82}},"92":{"start":{"line":218,"column":50},"end":{"line":218,"column":88}},"93":{"start":{"line":225,"column":35},"end":{"line":225,"column":45}},"94":{"start":{"line":232,"column":20},"end":{"line":247,"column":26}}},"fnMap":{"0":{"name":"(anonymous_0)","decl":{"start":{"line":7,"column":31},"end":{"line":7,"column":32}},"loc":{"start":{"line":7,"column":43},"end":{"line":12,"column":1}},"line":7},"1":{"name":"MerchandisingTable","decl":{"start":{"line":14,"column":9},"end":{"line":14,"column":27}},"loc":{"start":{"line":14,"column":99},"end":{"line":253,"column":1}},"line":14},"2":{"name":"(anonymous_2)","decl":{"start":{"line":27,"column":31},"end":{"line":27,"column":32}},"loc":{"start":{"line":27,"column":37},"end":{"line":31,"column":5}},"line":27},"3":{"name":"(anonymous_3)","decl":{"start":{"line":29,"column":55},"end":{"line":29,"column":56}},"loc":{"start":{"line":29,"column":62},"end":{"line":29,"column":80}},"line":29},"4":{"name":"(anonymous_4)","decl":{"start":{"line":37,"column":14},"end":{"line":37,"column":15}},"loc":{"start":{"line":37,"column":20},"end":{"line":42,"column":5}},"line":37},"5":{"name":"(anonymous_5)","decl":{"start":{"line":44,"column":14},"end":{"line":44,"column":15}},"loc":{"start":{"line":44,"column":20},"end":{"line":107,"column":5}},"line":44},"6":{"name":"(anonymous_6)","decl":{"start":{"line":57,"column":44},"end":{"line":57,"column":45}},"loc":{"start":{"line":57,"column":54},"end":{"line":69,"column":9}},"line":57},"7":{"name":"(anonymous_7)","decl":{"start":{"line":70,"column":16},"end":{"line":70,"column":17}},"loc":{"start":{"line":70,"column":28},"end":{"line":79,"column":9}},"line":70},"8":{"name":"(anonymous_8)","decl":{"start":{"line":71,"column":70},"end":{"line":71,"column":71}},"loc":{"start":{"line":71,"column":77},"end":{"line":71,"column":104}},"line":71},"9":{"name":"(anonymous_9)","decl":{"start":{"line":81,"column":29},"end":{"line":81,"column":30}},"loc":{"start":{"line":81,"column":36},"end":{"line":93,"column":9}},"line":81},"10":{"name":"(anonymous_10)","decl":{"start":{"line":98,"column":41},"end":{"line":98,"column":42}},"loc":{"start":{"line":98,"column":48},"end":{"line":100,"column":13}},"line":98},"11":{"name":"containsInsight","decl":{"start":{"line":109,"column":13},"end":{"line":109,"column":28}},"loc":{"start":{"line":109,"column":46},"end":{"line":113,"column":5}},"line":109},"12":{"name":"(anonymous_12)","decl":{"start":{"line":110,"column":28},"end":{"line":110,"column":29}},"loc":{"start":{"line":110,"column":35},"end":{"line":112,"column":9}},"line":110},"13":{"name":"containsInsightSeverity","decl":{"start":{"line":115,"column":13},"end":{"line":115,"column":36}},"loc":{"start":{"line":115,"column":57},"end":{"line":119,"column":5}},"line":115},"14":{"name":"(anonymous_14)","decl":{"start":{"line":116,"column":28},"end":{"line":116,"column":29}},"loc":{"start":{"line":116,"column":35},"end":{"line":118,"column":9}},"line":116},"15":{"name":"checkAnomalousType","decl":{"start":{"line":121,"column":13},"end":{"line":121,"column":31}},"loc":{"start":{"line":121,"column":37},"end":{"line":127,"column":5}},"line":121},"16":{"name":"checkAnomalous","decl":{"start":{"line":129,"column":13},"end":{"line":129,"column":27}},"loc":{"start":{"line":129,"column":39},"end":{"line":132,"column":5}},"line":129},"17":{"name":"(anonymous_17)","decl":{"start":{"line":134,"column":29},"end":{"line":134,"column":30}},"loc":{"start":{"line":134,"column":47},"end":{"line":134,"column":152}},"line":134},"18":{"name":"(anonymous_18)","decl":{"start":{"line":149,"column":28},"end":{"line":149,"column":29}},"loc":{"start":{"line":150,"column":24},"end":{"line":165,"column":31}},"line":150},"19":{"name":"(anonymous_19)","decl":{"start":{"line":173,"column":38},"end":{"line":173,"column":39}},"loc":{"start":{"line":173,"column":45},"end":{"line":173,"column":95}},"line":173},"20":{"name":"(anonymous_20)","decl":{"start":{"line":205,"column":38},"end":{"line":205,"column":39}},"loc":{"start":{"line":205,"column":45},"end":{"line":205,"column":83}},"line":205},"21":{"name":"(anonymous_21)","decl":{"start":{"line":218,"column":28},"end":{"line":218,"column":29}},"loc":{"start":{"line":218,"column":50},"end":{"line":218,"column":88}},"line":218},"22":{"name":"(anonymous_22)","decl":{"start":{"line":225,"column":28},"end":{"line":225,"column":29}},"loc":{"start":{"line":225,"column":35},"end":{"line":225,"column":45}},"line":225},"23":{"name":"(anonymous_23)","decl":{"start":{"line":231,"column":24},"end":{"line":231,"column":25}},"loc":{"start":{"line":232,"column":20},"end":{"line":247,"column":26}},"line":232}},"branchMap":{"0":{"loc":{"start":{"line":26,"column":45},"end":{"line":26,"column":87}},"type":"cond-expr","locations":[{"start":{"line":26,"column":59},"end":{"line":26,"column":82}},{"start":{"line":26,"column":85},"end":{"line":26,"column":87}}],"line":26},"1":{"loc":{"start":{"line":29,"column":8},"end":{"line":29,"column":83}},"type":"if","locations":[{"start":{"line":29,"column":8},"end":{"line":29,"column":83}},{"start":{},"end":{}}],"line":29},"2":{"loc":{"start":{"line":39,"column":8},"end":{"line":39,"column":65}},"type":"if","locations":[{"start":{"line":39,"column":8},"end":{"line":39,"column":65}},{"start":{},"end":{}}],"line":39},"3":{"loc":{"start":{"line":40,"column":8},"end":{"line":40,"column":44}},"type":"if","locations":[{"start":{"line":40,"column":8},"end":{"line":40,"column":44}},{"start":{},"end":{}}],"line":40},"4":{"loc":{"start":{"line":41,"column":8},"end":{"line":41,"column":51}},"type":"if","locations":[{"start":{"line":41,"column":8},"end":{"line":41,"column":51}},{"start":{},"end":{}}],"line":41},"5":{"loc":{"start":{"line":45,"column":8},"end":{"line":50,"column":9}},"type":"if","locations":[{"start":{"line":45,"column":8},"end":{"line":50,"column":9}},{"start":{"line":48,"column":15},"end":{"line":50,"column":9}}],"line":45},"6":{"loc":{"start":{"line":45,"column":12},"end":{"line":45,"column":45}},"type":"binary-expr","locations":[{"start":{"line":45,"column":12},"end":{"line":45,"column":33}},{"start":{"line":45,"column":37},"end":{"line":45,"column":45}}],"line":45},"7":{"loc":{"start":{"line":48,"column":15},"end":{"line":50,"column":9}},"type":"if","locations":[{"start":{"line":48,"column":15},"end":{"line":50,"column":9}},{"start":{},"end":{}}],"line":48},"8":{"loc":{"start":{"line":58,"column":12},"end":{"line":64,"column":13}},"type":"if","locations":[{"start":{"line":58,"column":12},"end":{"line":64,"column":13}},{"start":{"line":61,"column":19},"end":{"line":64,"column":13}}],"line":58},"9":{"loc":{"start":{"line":66,"column":12},"end":{"line":66,"column":79}},"type":"if","locations":[{"start":{"line":66,"column":12},"end":{"line":66,"column":79}},{"start":{},"end":{}}],"line":66},"10":{"loc":{"start":{"line":66,"column":37},"end":{"line":66,"column":77}},"type":"cond-expr","locations":[{"start":{"line":66,"column":71},"end":{"line":66,"column":72}},{"start":{"line":66,"column":75},"end":{"line":66,"column":77}}],"line":66},"11":{"loc":{"start":{"line":67,"column":12},"end":{"line":67,"column":79}},"type":"if","locations":[{"start":{"line":67,"column":12},"end":{"line":67,"column":79}},{"start":{},"end":{}}],"line":67},"12":{"loc":{"start":{"line":67,"column":37},"end":{"line":67,"column":77}},"type":"cond-expr","locations":[{"start":{"line":67,"column":71},"end":{"line":67,"column":73}},{"start":{"line":67,"column":76},"end":{"line":67,"column":77}}],"line":67},"13":{"loc":{"start":{"line":71,"column":12},"end":{"line":73,"column":13}},"type":"if","locations":[{"start":{"line":71,"column":12},"end":{"line":73,"column":13}},{"start":{},"end":{}}],"line":71},"14":{"loc":{"start":{"line":71,"column":16},"end":{"line":71,"column":105}},"type":"binary-expr","locations":[{"start":{"line":71,"column":16},"end":{"line":71,"column":41}},{"start":{"line":71,"column":45},"end":{"line":71,"column":105}}],"line":71},"15":{"loc":{"start":{"line":75,"column":12},"end":{"line":77,"column":13}},"type":"if","locations":[{"start":{"line":75,"column":12},"end":{"line":77,"column":13}},{"start":{},"end":{}}],"line":75},"16":{"loc":{"start":{"line":75,"column":16},"end":{"line":75,"column":104}},"type":"binary-expr","locations":[{"start":{"line":75,"column":16},"end":{"line":75,"column":33}},{"start":{"line":75,"column":37},"end":{"line":75,"column":104}}],"line":75},"17":{"loc":{"start":{"line":82,"column":12},"end":{"line":82,"column":61}},"type":"if","locations":[{"start":{"line":82,"column":12},"end":{"line":82,"column":61}},{"start":{},"end":{}}],"line":82},"18":{"loc":{"start":{"line":85,"column":16},"end":{"line":89,"column":17}},"type":"if","locations":[{"start":{"line":85,"column":16},"end":{"line":89,"column":17}},{"start":{},"end":{}}],"line":85},"19":{"loc":{"start":{"line":85,"column":20},"end":{"line":85,"column":148}},"type":"binary-expr","locations":[{"start":{"line":85,"column":20},"end":{"line":85,"column":57}},{"start":{"line":85,"column":61},"end":{"line":85,"column":106}},{"start":{"line":85,"column":110},"end":{"line":85,"column":148}}],"line":85},"20":{"loc":{"start":{"line":92,"column":12},"end":{"line":92,"column":76}},"type":"if","locations":[{"start":{"line":92,"column":12},"end":{"line":92,"column":76}},{"start":{},"end":{}}],"line":92},"21":{"loc":{"start":{"line":92,"column":16},"end":{"line":92,"column":56}},"type":"binary-expr","locations":[{"start":{"line":92,"column":16},"end":{"line":92,"column":27}},{"start":{"line":92,"column":31},"end":{"line":92,"column":56}}],"line":92},"22":{"loc":{"start":{"line":95,"column":8},"end":{"line":101,"column":9}},"type":"if","locations":[{"start":{"line":95,"column":8},"end":{"line":101,"column":9}},{"start":{"line":97,"column":15},"end":{"line":101,"column":9}}],"line":95},"23":{"loc":{"start":{"line":95,"column":12},"end":{"line":95,"column":74}},"type":"binary-expr","locations":[{"start":{"line":95,"column":12},"end":{"line":95,"column":34}},{"start":{"line":95,"column":38},"end":{"line":95,"column":74}}],"line":95},"24":{"loc":{"start":{"line":122,"column":8},"end":{"line":126,"column":9}},"type":"if","locations":[{"start":{"line":122,"column":8},"end":{"line":126,"column":9}},{"start":{"line":124,"column":15},"end":{"line":126,"column":9}}],"line":122},"25":{"loc":{"start":{"line":122,"column":12},"end":{"line":122,"column":74}},"type":"binary-expr","locations":[{"start":{"line":122,"column":12},"end":{"line":122,"column":22}},{"start":{"line":122,"column":26},"end":{"line":122,"column":41}},{"start":{"line":122,"column":45},"end":{"line":122,"column":74}}],"line":122},"26":{"loc":{"start":{"line":130,"column":8},"end":{"line":130,"column":71}},"type":"if","locations":[{"start":{"line":130,"column":8},"end":{"line":130,"column":71}},{"start":{},"end":{}}],"line":130},"27":{"loc":{"start":{"line":130,"column":12},"end":{"line":130,"column":56}},"type":"binary-expr","locations":[{"start":{"line":130,"column":12},"end":{"line":130,"column":27}},{"start":{"line":130,"column":31},"end":{"line":130,"column":56}}],"line":130},"28":{"loc":{"start":{"line":134,"column":74},"end":{"line":134,"column":150}},"type":"binary-expr","locations":[{"start":{"line":134,"column":74},"end":{"line":134,"column":110}},{"start":{"line":134,"column":114},"end":{"line":134,"column":150}}],"line":134},"29":{"loc":{"start":{"line":159,"column":33},"end":{"line":159,"column":168}},"type":"cond-expr","locations":[{"start":{"line":159,"column":80},"end":{"line":159,"column":160}},{"start":{"line":159,"column":164},"end":{"line":159,"column":168}}],"line":159},"30":{"loc":{"start":{"line":160,"column":33},"end":{"line":160,"column":125}},"type":"cond-expr","locations":[{"start":{"line":160,"column":80},"end":{"line":160,"column":117}},{"start":{"line":160,"column":121},"end":{"line":160,"column":125}}],"line":160},"31":{"loc":{"start":{"line":161,"column":33},"end":{"line":161,"column":133}},"type":"cond-expr","locations":[{"start":{"line":161,"column":90},"end":{"line":161,"column":125}},{"start":{"line":161,"column":129},"end":{"line":161,"column":133}}],"line":161},"32":{"loc":{"start":{"line":162,"column":33},"end":{"line":162,"column":178}},"type":"cond-expr","locations":[{"start":{"line":162,"column":83},"end":{"line":162,"column":171}},{"start":{"line":162,"column":174},"end":{"line":162,"column":178}}],"line":162},"33":{"loc":{"start":{"line":163,"column":33},"end":{"line":163,"column":182}},"type":"cond-expr","locations":[{"start":{"line":163,"column":84},"end":{"line":163,"column":175}},{"start":{"line":163,"column":178},"end":{"line":163,"column":182}}],"line":163}},"s":{"0":2,"1":75,"2":75,"3":75,"4":75,"5":75,"6":75,"7":75,"8":75,"9":75,"10":75,"11":75,"12":75,"13":75,"14":75,"15":15000,"16":75,"17":75,"18":75,"19":75,"20":17,"21":17,"22":17,"23":17,"24":17,"25":17,"26":17,"27":8,"28":75,"29":46,"30":17,"31":17,"32":29,"33":0,"34":29,"35":29,"36":29,"37":29,"38":29,"39":12456,"40":10200,"41":10200,"42":2256,"43":2256,"44":12456,"45":3631,"46":8825,"47":7689,"48":1136,"49":5800,"50":8700,"51":0,"52":5800,"53":1458,"54":4342,"55":29,"56":4342,"57":4142,"58":200,"59":200,"60":200,"61":6,"62":6,"63":6,"64":200,"65":0,"66":29,"67":28,"68":1,"69":6,"70":29,"71":29,"72":29,"73":29,"74":7116,"75":8215,"76":36977,"77":40405,"78":6916,"79":6136,"80":780,"81":194,"82":0,"83":194,"84":75,"85":17290,"86":75,"87":3458,"88":9,"89":9,"90":0,"91":0,"92":3458,"93":0,"94":3},"f":{"0":75,"1":75,"2":75,"3":15000,"4":17,"5":46,"6":12456,"7":5800,"8":8700,"9":4342,"10":6,"11":7116,"12":8215,"13":36977,"14":40405,"15":6916,"16":194,"17":17290,"18":3458,"19":9,"20":0,"21":3458,"22":0,"23":3},"b":{"0":[75,0],"1":[75,0],"2":[17,0],"3":[17,0],"4":[8,9],"5":[17,29],"6":[46,17],"7":[0,29],"8":[10200,2256],"9":[3631,8825],"10":[0,3631],"11":[7689,1136],"12":[1935,5754],"13":[0,5800],"14":[5800,5800],"15":[1458,4342],"16":[5800,1800],"17":[4142,200],"18":[6,194],"19":[200,194,194],"20":[0,200],"21":[200,194],"22":[28,1],"23":[29,28],"24":[6136,780],"25":[6916,6916,2212],"26":[0,194],"27":[194,194],"28":[17290,16035],"29":[0,3458],"30":[288,3170],"31":[251,3207],"32":[0,3458],"33":[390,3068]},"_coverageSchema":"1a1c01bbd47fc00a2c39e90264f33305004495a9","hash":"204f60abdb58ba824f212906793fa5de9ca448e5"}
,"C:\\Users\\Horou\\Documents\\GitHub\\1d-final-project-2023-sds-2023-team-03\\frontend\\src\\components\\merchandising_components\\ProductInsights.jsx": {"path":"C:\\Users\\Horou\\Documents\\GitHub\\1d-final-project-2023-sds-2023-team-03\\frontend\\src\\components\\merchandising_components\\ProductInsights.jsx","statementMap":{"0":{"start":{"line":9,"column":18},"end":{"line":20,"column":5}},"1":{"start":{"line":9,"column":36},"end":{"line":20,"column":3}},"2":{"start":{"line":23,"column":28},"end":{"line":23,"column":40}},"3":{"start":{"line":25,"column":4},"end":{"line":37,"column":21}},"4":{"start":{"line":26,"column":8},"end":{"line":26,"column":40}},"5":{"start":{"line":26,"column":33},"end":{"line":26,"column":40}},"6":{"start":{"line":27,"column":8},"end":{"line":35,"column":15}},"7":{"start":{"line":28,"column":27},"end":{"line":28,"column":28}},"8":{"start":{"line":30,"column":27},"end":{"line":30,"column":43}},"9":{"start":{"line":31,"column":27},"end":{"line":31,"column":43}},"10":{"start":{"line":32,"column":16},"end":{"line":32,"column":43}},"11":{"start":{"line":32,"column":33},"end":{"line":32,"column":43}},"12":{"start":{"line":33,"column":16},"end":{"line":33,"column":42}},"13":{"start":{"line":33,"column":33},"end":{"line":33,"column":42}},"14":{"start":{"line":34,"column":16},"end":{"line":34,"column":25}},"15":{"start":{"line":39,"column":20},"end":{"line":39,"column":31}},"16":{"start":{"line":40,"column":4},"end":{"line":60,"column":5}},"17":{"start":{"line":42,"column":23},"end":{"line":42,"column":419}},"18":{"start":{"line":43,"column":28},"end":{"line":43,"column":161}},"19":{"start":{"line":44,"column":12},"end":{"line":58,"column":13}}},"fnMap":{"0":{"name":"(anonymous_0)","decl":{"start":{"line":9,"column":29},"end":{"line":9,"column":30}},"loc":{"start":{"line":9,"column":36},"end":{"line":20,"column":3}},"line":9},"1":{"name":"ProductInsights","decl":{"start":{"line":22,"column":9},"end":{"line":22,"column":24}},"loc":{"start":{"line":22,"column":42},"end":{"line":61,"column":1}},"line":22},"2":{"name":"(anonymous_2)","decl":{"start":{"line":25,"column":14},"end":{"line":25,"column":15}},"loc":{"start":{"line":25,"column":20},"end":{"line":37,"column":5}},"line":25},"3":{"name":"(anonymous_3)","decl":{"start":{"line":28,"column":20},"end":{"line":28,"column":21}},"loc":{"start":{"line":28,"column":27},"end":{"line":28,"column":28}},"line":28},"4":{"name":"(anonymous_4)","decl":{"start":{"line":29,"column":18},"end":{"line":29,"column":19}},"loc":{"start":{"line":29,"column":28},"end":{"line":35,"column":13}},"line":29},"5":{"name":"(anonymous_5)","decl":{"start":{"line":41,"column":39},"end":{"line":41,"column":40}},"loc":{"start":{"line":41,"column":48},"end":{"line":59,"column":9}},"line":41}},"branchMap":{"0":{"loc":{"start":{"line":26,"column":8},"end":{"line":26,"column":40}},"type":"if","locations":[{"start":{"line":26,"column":8},"end":{"line":26,"column":40}},{"start":{},"end":{}}],"line":26},"1":{"loc":{"start":{"line":32,"column":16},"end":{"line":32,"column":43}},"type":"if","locations":[{"start":{"line":32,"column":16},"end":{"line":32,"column":43}},{"start":{},"end":{}}],"line":32},"2":{"loc":{"start":{"line":33,"column":16},"end":{"line":33,"column":42}},"type":"if","locations":[{"start":{"line":33,"column":16},"end":{"line":33,"column":42}},{"start":{},"end":{}}],"line":33},"3":{"loc":{"start":{"line":42,"column":23},"end":{"line":42,"column":419}},"type":"cond-expr","locations":[{"start":{"line":42,"column":59},"end":{"line":42,"column":104}},{"start":{"line":42,"column":108},"end":{"line":42,"column":418}}],"line":42},"4":{"loc":{"start":{"line":42,"column":108},"end":{"line":42,"column":418}},"type":"cond-expr","locations":[{"start":{"line":42,"column":142},"end":{"line":42,"column":187}},{"start":{"line":42,"column":191},"end":{"line":42,"column":417}}],"line":42},"5":{"loc":{"start":{"line":42,"column":191},"end":{"line":42,"column":417}},"type":"cond-expr","locations":[{"start":{"line":42,"column":227},"end":{"line":42,"column":281}},{"start":{"line":42,"column":285},"end":{"line":42,"column":416}}],"line":42},"6":{"loc":{"start":{"line":42,"column":285},"end":{"line":42,"column":416}},"type":"cond-expr","locations":[{"start":{"line":42,"column":321},"end":{"line":42,"column":365}},{"start":{"line":42,"column":368},"end":{"line":42,"column":416}}],"line":42},"7":{"loc":{"start":{"line":43,"column":28},"end":{"line":43,"column":161}},"type":"cond-expr","locations":[{"start":{"line":43,"column":64},"end":{"line":43,"column":70}},{"start":{"line":43,"column":74},"end":{"line":43,"column":160}}],"line":43},"8":{"loc":{"start":{"line":43,"column":74},"end":{"line":43,"column":160}},"type":"cond-expr","locations":[{"start":{"line":43,"column":145},"end":{"line":43,"column":150}},{"start":{"line":43,"column":153},"end":{"line":43,"column":160}}],"line":43},"9":{"loc":{"start":{"line":43,"column":74},"end":{"line":43,"column":142}},"type":"binary-expr","locations":[{"start":{"line":43,"column":74},"end":{"line":43,"column":107}},{"start":{"line":43,"column":111},"end":{"line":43,"column":142}}],"line":43},"10":{"loc":{"start":{"line":48,"column":32},"end":{"line":48,"column":128}},"type":"cond-expr","locations":[{"start":{"line":48,"column":108},"end":{"line":48,"column":116}},{"start":{"line":48,"column":119},"end":{"line":48,"column":128}}],"line":48},"11":{"loc":{"start":{"line":48,"column":32},"end":{"line":48,"column":105}},"type":"binary-expr","locations":[{"start":{"line":48,"column":32},"end":{"line":48,"column":65}},{"start":{"line":48,"column":69},"end":{"line":48,"column":105}}],"line":48}},"s":{"0":2,"1":1,"2":3,"3":3,"4":1,"5":0,"6":1,"7":1,"8":0,"9":0,"10":0,"11":0,"12":0,"13":0,"14":0,"15":3,"16":3,"17":2,"18":2,"19":2},"f":{"0":1,"1":3,"2":1,"3":1,"4":0,"5":2},"b":{"0":[0,1],"1":[0,0],"2":[0,0],"3":[0,2],"4":[0,2],"5":[2,0],"6":[0,0],"7":[2,0],"8":[0,0],"9":[0,0],"10":[0,2],"11":[2,2]},"_coverageSchema":"1a1c01bbd47fc00a2c39e90264f33305004495a9","hash":"ae0e12ffbe2810d4b6c07aad75c3b29f6109e325"}
,"C:\\Users\\Horou\\Documents\\GitHub\\1d-final-project-2023-sds-2023-team-03\\frontend\\src\\components\\sales_components\\CategorySearch.jsx": {"path":"C:\\Users\\Horou\\Documents\\GitHub\\1d-final-project-2023-sds-2023-team-03\\frontend\\src\\components\\sales_components\\CategorySearch.jsx","statementMap":{"0":{"start":{"line":13,"column":23},"end":{"line":158,"column":1}},"1":{"start":{"line":15,"column":18},"end":{"line":15,"column":28}},"2":{"start":{"line":16,"column":21},"end":{"line":16,"column":70}},"3":{"start":{"line":17,"column":22},"end":{"line":17,"column":72}},"4":{"start":{"line":18,"column":25},"end":{"line":18,"column":76}},"5":{"start":{"line":19,"column":21},"end":{"line":19,"column":72}},"6":{"start":{"line":22,"column":36},"end":{"line":22,"column":51}},"7":{"start":{"line":23,"column":40},"end":{"line":23,"column":68}},"8":{"start":{"line":24,"column":48},"end":{"line":24,"column":63}},"9":{"start":{"line":25,"column":44},"end":{"line":25,"column":66}},"10":{"start":{"line":26,"column":36},"end":{"line":26,"column":55}},"11":{"start":{"line":29,"column":38},"end":{"line":29,"column":58}},"12":{"start":{"line":30,"column":48},"end":{"line":30,"column":68}},"13":{"start":{"line":31,"column":38},"end":{"line":31,"column":58}},"14":{"start":{"line":33,"column":4},"end":{"line":37,"column":54}},"15":{"start":{"line":34,"column":8},"end":{"line":36,"column":9}},"16":{"start":{"line":35,"column":12},"end":{"line":35,"column":26}},"17":{"start":{"line":42,"column":8},"end":{"line":46,"column":9}},"18":{"start":{"line":43,"column":12},"end":{"line":43,"column":32}},"19":{"start":{"line":45,"column":12},"end":{"line":45,"column":30}},"20":{"start":{"line":48,"column":22},"end":{"line":48,"column":93}},"21":{"start":{"line":49,"column":20},"end":{"line":49,"column":91}},"22":{"start":{"line":50,"column":8},"end":{"line":57,"column":9}},"23":{"start":{"line":62,"column":8},"end":{"line":62,"column":29}},"24":{"start":{"line":63,"column":8},"end":{"line":76,"column":10}},"25":{"start":{"line":64,"column":12},"end":{"line":71,"column":14}},"26":{"start":{"line":72,"column":12},"end":{"line":72,"column":34}},"27":{"start":{"line":74,"column":12},"end":{"line":74,"column":34}},"28":{"start":{"line":75,"column":12},"end":{"line":75,"column":33}},"29":{"start":{"line":77,"column":8},"end":{"line":77,"column":20}},"30":{"start":{"line":81,"column":8},"end":{"line":81,"column":30}},"31":{"start":{"line":82,"column":8},"end":{"line":95,"column":9}},"32":{"start":{"line":84,"column":16},"end":{"line":84,"column":48}},"33":{"start":{"line":85,"column":16},"end":{"line":85,"column":22}},"34":{"start":{"line":87,"column":16},"end":{"line":87,"column":49}},"35":{"start":{"line":88,"column":16},"end":{"line":88,"column":22}},"36":{"start":{"line":90,"column":16},"end":{"line":90,"column":52}},"37":{"start":{"line":91,"column":16},"end":{"line":91,"column":22}},"38":{"start":{"line":93,"column":16},"end":{"line":93,"column":48}},"39":{"start":{"line":94,"column":16},"end":{"line":94,"column":22}},"40":{"start":{"line":101,"column":8},"end":{"line":140,"column":9}},"41":{"start":{"line":103,"column":16},"end":{"line":124,"column":17}},"42":{"start":{"line":119,"column":55},"end":{"line":119,"column":77}},"43":{"start":{"line":127,"column":16},"end":{"line":139,"column":17}},"44":{"start":{"line":134,"column":55},"end":{"line":134,"column":77}},"45":{"start":{"line":145,"column":4},"end":{"line":157,"column":5}}},"fnMap":{"0":{"name":"(anonymous_0)","decl":{"start":{"line":13,"column":23},"end":{"line":13,"column":24}},"loc":{"start":{"line":13,"column":51},"end":{"line":158,"column":1}},"line":13},"1":{"name":"(anonymous_1)","decl":{"start":{"line":33,"column":14},"end":{"line":33,"column":15}},"loc":{"start":{"line":33,"column":20},"end":{"line":37,"column":5}},"line":33},"2":{"name":"getProductData","decl":{"start":{"line":40,"column":19},"end":{"line":40,"column":33}},"loc":{"start":{"line":40,"column":36},"end":{"line":58,"column":5}},"line":40},"3":{"name":"requestData","decl":{"start":{"line":61,"column":13},"end":{"line":61,"column":24}},"loc":{"start":{"line":61,"column":27},"end":{"line":78,"column":5}},"line":61},"4":{"name":"(anonymous_4)","decl":{"start":{"line":63,"column":30},"end":{"line":63,"column":31}},"loc":{"start":{"line":63,"column":39},"end":{"line":73,"column":9}},"line":63},"5":{"name":"(anonymous_5)","decl":{"start":{"line":73,"column":17},"end":{"line":73,"column":18}},"loc":{"start":{"line":73,"column":23},"end":{"line":76,"column":9}},"line":73},"6":{"name":"handleDateSegment","decl":{"start":{"line":80,"column":13},"end":{"line":80,"column":30}},"loc":{"start":{"line":80,"column":36},"end":{"line":96,"column":5}},"line":80},"7":{"name":"renderDatePick","decl":{"start":{"line":100,"column":13},"end":{"line":100,"column":27}},"loc":{"start":{"line":100,"column":38},"end":{"line":141,"column":5}},"line":100},"8":{"name":"(anonymous_8)","decl":{"start":{"line":119,"column":49},"end":{"line":119,"column":50}},"loc":{"start":{"line":119,"column":55},"end":{"line":119,"column":77}},"line":119},"9":{"name":"(anonymous_9)","decl":{"start":{"line":134,"column":49},"end":{"line":134,"column":50}},"loc":{"start":{"line":134,"column":55},"end":{"line":134,"column":77}},"line":134}},"branchMap":{"0":{"loc":{"start":{"line":34,"column":8},"end":{"line":36,"column":9}},"type":"if","locations":[{"start":{"line":34,"column":8},"end":{"line":36,"column":9}},{"start":{},"end":{}}],"line":34},"1":{"loc":{"start":{"line":34,"column":14},"end":{"line":34,"column":78}},"type":"binary-expr","locations":[{"start":{"line":34,"column":14},"end":{"line":34,"column":22}},{"start":{"line":34,"column":27},"end":{"line":34,"column":50}},{"start":{"line":34,"column":54},"end":{"line":34,"column":77}}],"line":34},"2":{"loc":{"start":{"line":42,"column":8},"end":{"line":46,"column":9}},"type":"if","locations":[{"start":{"line":42,"column":8},"end":{"line":46,"column":9}},{"start":{"line":44,"column":15},"end":{"line":46,"column":9}}],"line":42},"3":{"loc":{"start":{"line":82,"column":8},"end":{"line":95,"column":9}},"type":"switch","locations":[{"start":{"line":83,"column":12},"end":{"line":85,"column":22}},{"start":{"line":86,"column":12},"end":{"line":88,"column":22}},{"start":{"line":89,"column":12},"end":{"line":91,"column":22}},{"start":{"line":92,"column":12},"end":{"line":94,"column":22}}],"line":82},"4":{"loc":{"start":{"line":101,"column":8},"end":{"line":140,"column":9}},"type":"switch","locations":[{"start":{"line":102,"column":12},"end":{"line":124,"column":17}},{"start":{"line":126,"column":12},"end":{"line":139,"column":17}}],"line":101}},"s":{"0":1,"1":26,"2":26,"3":26,"4":26,"5":26,"6":26,"7":26,"8":26,"9":26,"10":26,"11":26,"12":26,"13":26,"14":26,"15":14,"16":11,"17":11,"18":0,"19":11,"20":11,"21":11,"22":11,"23":11,"24":11,"25":0,"26":0,"27":10,"28":10,"29":11,"30":4,"31":4,"32":1,"33":1,"34":1,"35":1,"36":1,"37":1,"38":1,"39":1,"40":26,"41":3,"42":1,"43":23,"44":3,"45":26},"f":{"0":26,"1":14,"2":11,"3":11,"4":0,"5":10,"6":4,"7":26,"8":1,"9":3},"b":{"0":[11,3],"1":[14,3,0],"2":[0,11],"3":[1,1,1,1],"4":[3,23]},"_coverageSchema":"1a1c01bbd47fc00a2c39e90264f33305004495a9","hash":"c76ba0054232960575f8e29b845249e785df6c1c"}
,"C:\\Users\\Horou\\Documents\\GitHub\\1d-final-project-2023-sds-2023-team-03\\frontend\\src\\components\\sales_components\\CategorySelect.jsx": {"path":"C:\\Users\\Horou\\Documents\\GitHub\\1d-final-project-2023-sds-2023-team-03\\frontend\\src\\components\\sales_components\\CategorySelect.jsx","statementMap":{"0":{"start":{"line":4,"column":2},"end":{"line":16,"column":4}}},"fnMap":{"0":{"name":"CategorySelect","decl":{"start":{"line":3,"column":9},"end":{"line":3,"column":23}},"loc":{"start":{"line":3,"column":39},"end":{"line":17,"column":1}},"line":3}},"branchMap":{},"s":{"0":27},"f":{"0":27},"b":{},"_coverageSchema":"1a1c01bbd47fc00a2c39e90264f33305004495a9","hash":"5376f1e501653ab4b7860c9b8878e7b408fb35fe"}
,"C:\\Users\\Horou\\Documents\\GitHub\\1d-final-project-2023-sds-2023-team-03\\frontend\\src\\components\\sales_components\\DateSegment.jsx": {"path":"C:\\Users\\Horou\\Documents\\GitHub\\1d-final-project-2023-sds-2023-team-03\\frontend\\src\\components\\sales_components\\DateSegment.jsx","statementMap":{"0":{"start":{"line":7,"column":20},"end":{"line":23,"column":1}},"1":{"start":{"line":8,"column":28},"end":{"line":13,"column":6}},"2":{"start":{"line":15,"column":4},"end":{"line":22,"column":6}}},"fnMap":{"0":{"name":"(anonymous_0)","decl":{"start":{"line":7,"column":20},"end":{"line":7,"column":21}},"loc":{"start":{"line":7,"column":58},"end":{"line":23,"column":1}},"line":7}},"branchMap":{},"s":{"0":1,"1":24,"2":24},"f":{"0":24},"b":{},"_coverageSchema":"1a1c01bbd47fc00a2c39e90264f33305004495a9","hash":"3841c3459bd39610efb20c55e1baa4b50016ad09"}
,"C:\\Users\\Horou\\Documents\\GitHub\\1d-final-project-2023-sds-2023-team-03\\frontend\\src\\components\\sales_components\\SalesBar.jsx": {"path":"C:\\Users\\Horou\\Documents\\GitHub\\1d-final-project-2023-sds-2023-team-03\\frontend\\src\\components\\sales_components\\SalesBar.jsx","statementMap":{"0":{"start":{"line":4,"column":19},"end":{"line":4,"column":32}},"1":{"start":{"line":6,"column":4},"end":{"line":8,"column":14}},"2":{"start":{"line":7,"column":8},"end":{"line":7,"column":30}},"3":{"start":{"line":11,"column":4},"end":{"line":26,"column":5}},"4":{"start":{"line":12,"column":8},"end":{"line":18,"column":9}},"5":{"start":{"line":20,"column":8},"end":{"line":20,"column":43}},"6":{"start":{"line":21,"column":8},"end":{"line":25,"column":10}},"7":{"start":{"line":24,"column":12},"end":{"line":24,"column":40}},"8":{"start":{"line":28,"column":16},"end":{"line":28,"column":70}},"9":{"start":{"line":30,"column":4},"end":{"line":34,"column":5}},"10":{"start":{"line":31,"column":8},"end":{"line":31,"column":89}},"11":{"start":{"line":32,"column":11},"end":{"line":34,"column":5}},"12":{"start":{"line":33,"column":8},"end":{"line":33,"column":112}},"13":{"start":{"line":36,"column":16},"end":{"line":102,"column":5}},"14":{"start":{"line":73,"column":24},"end":{"line":78,"column":30}},"15":{"start":{"line":87,"column":20},"end":{"line":92,"column":26}},"16":{"start":{"line":104,"column":17},"end":{"line":104,"column":22}},"17":{"start":{"line":105,"column":4},"end":{"line":109,"column":5}},"18":{"start":{"line":106,"column":8},"end":{"line":106,"column":23}},"19":{"start":{"line":107,"column":11},"end":{"line":109,"column":5}},"20":{"start":{"line":108,"column":8},"end":{"line":108,"column":23}},"21":{"start":{"line":110,"column":4},"end":{"line":110,"column":108}}},"fnMap":{"0":{"name":"SalesBar","decl":{"start":{"line":3,"column":9},"end":{"line":3,"column":17}},"loc":{"start":{"line":3,"column":79},"end":{"line":111,"column":1}},"line":3},"1":{"name":"(anonymous_1)","decl":{"start":{"line":6,"column":14},"end":{"line":6,"column":15}},"loc":{"start":{"line":6,"column":20},"end":{"line":8,"column":5}},"line":6},"2":{"name":"(anonymous_2)","decl":{"start":{"line":23,"column":13},"end":{"line":23,"column":14}},"loc":{"start":{"line":23,"column":20},"end":{"line":25,"column":9}},"line":23},"3":{"name":"(anonymous_3)","decl":{"start":{"line":72,"column":31},"end":{"line":72,"column":32}},"loc":{"start":{"line":72,"column":40},"end":{"line":79,"column":21}},"line":72},"4":{"name":"(anonymous_4)","decl":{"start":{"line":86,"column":27},"end":{"line":86,"column":28}},"loc":{"start":{"line":86,"column":41},"end":{"line":93,"column":17}},"line":86}},"branchMap":{"0":{"loc":{"start":{"line":3,"column":41},"end":{"line":3,"column":61}},"type":"default-arg","locations":[{"start":{"line":3,"column":56},"end":{"line":3,"column":61}}],"line":3},"1":{"loc":{"start":{"line":3,"column":63},"end":{"line":3,"column":75}},"type":"default-arg","locations":[{"start":{"line":3,"column":73},"end":{"line":3,"column":75}}],"line":3},"2":{"loc":{"start":{"line":11,"column":4},"end":{"line":26,"column":5}},"type":"if","locations":[{"start":{"line":11,"column":4},"end":{"line":26,"column":5}},{"start":{"line":19,"column":11},"end":{"line":26,"column":5}}],"line":11},"3":{"loc":{"start":{"line":30,"column":4},"end":{"line":34,"column":5}},"type":"if","locations":[{"start":{"line":30,"column":4},"end":{"line":34,"column":5}},{"start":{"line":32,"column":11},"end":{"line":34,"column":5}}],"line":30},"4":{"loc":{"start":{"line":32,"column":11},"end":{"line":34,"column":5}},"type":"if","locations":[{"start":{"line":32,"column":11},"end":{"line":34,"column":5}},{"start":{},"end":{}}],"line":32},"5":{"loc":{"start":{"line":32,"column":15},"end":{"line":32,"column":29}},"type":"binary-expr","locations":[{"start":{"line":32,"column":15},"end":{"line":32,"column":19}},{"start":{"line":32,"column":23},"end":{"line":32,"column":29}}],"line":32},"6":{"loc":{"start":{"line":73,"column":31},"end":{"line":78,"column":29}},"type":"cond-expr","locations":[{"start":{"line":74,"column":24},"end":{"line":77,"column":40}},{"start":{"line":78,"column":26},"end":{"line":78,"column":29}}],"line":73},"7":{"loc":{"start":{"line":87,"column":27},"end":{"line":92,"column":25}},"type":"cond-expr","locations":[{"start":{"line":88,"column":20},"end":{"line":91,"column":36}},{"start":{"line":92,"column":22},"end":{"line":92,"column":25}}],"line":87},"8":{"loc":{"start":{"line":98,"column":22},"end":{"line":98,"column":63}},"type":"cond-expr","locations":[{"start":{"line":98,"column":39},"end":{"line":98,"column":48}},{"start":{"line":98,"column":51},"end":{"line":98,"column":63}}],"line":98},"9":{"loc":{"start":{"line":105,"column":4},"end":{"line":109,"column":5}},"type":"if","locations":[{"start":{"line":105,"column":4},"end":{"line":109,"column":5}},{"start":{"line":107,"column":11},"end":{"line":109,"column":5}}],"line":105},"10":{"loc":{"start":{"line":107,"column":11},"end":{"line":109,"column":5}},"type":"if","locations":[{"start":{"line":107,"column":11},"end":{"line":109,"column":5}},{"start":{},"end":{}}],"line":107}},"s":{"0":11,"1":11,"2":11,"3":11,"4":0,"5":11,"6":11,"7":76,"8":11,"9":11,"10":10,"11":1,"12":1,"13":11,"14":0,"15":76,"16":11,"17":11,"18":0,"19":11,"20":4,"21":11},"f":{"0":11,"1":11,"2":76,"3":0,"4":76},"b":{"0":[0],"1":[0],"2":[0,11],"3":[10,1],"4":[1,0],"5":[1,1],"6":[0,0],"7":[16,60],"8":[3,8],"9":[0,11],"10":[4,7]},"_coverageSchema":"1a1c01bbd47fc00a2c39e90264f33305004495a9","hash":"55c043b49f11db65bc46efc8a35fb806b7338138"}
,"C:\\Users\\Horou\\Documents\\GitHub\\1d-final-project-2023-sds-2023-team-03\\frontend\\src\\components\\sales_components\\SalesSegment.jsx": {"path":"C:\\Users\\Horou\\Documents\\GitHub\\1d-final-project-2023-sds-2023-team-03\\frontend\\src\\components\\sales_components\\SalesSegment.jsx","statementMap":{"0":{"start":{"line":4,"column":17},"end":{"line":9,"column":5}},"1":{"start":{"line":11,"column":4},"end":{"line":19,"column":5}}},"fnMap":{"0":{"name":"SalesSegment","decl":{"start":{"line":3,"column":9},"end":{"line":3,"column":21}},"loc":{"start":{"line":3,"column":40},"end":{"line":20,"column":1}},"line":3}},"branchMap":{},"s":{"0":3,"1":3},"f":{"0":3},"b":{},"_coverageSchema":"1a1c01bbd47fc00a2c39e90264f33305004495a9","hash":"4faaa46d5f40ace1fbe8eeb6d5e896c391dd3b63"}
,"C:\\Users\\Horou\\Documents\\GitHub\\1d-final-project-2023-sds-2023-team-03\\frontend\\src\\robustness_tests\\merch_table_fuzzer.js": {"path":"C:\\Users\\Horou\\Documents\\GitHub\\1d-final-project-2023-sds-2023-team-03\\frontend\\src\\robustness_tests\\merch_table_fuzzer.js","statementMap":{"0":{"start":{"line":13,"column":15},"end":{"line":13,"column":49}},"1":{"start":{"line":14,"column":16},"end":{"line":14,"column":18}},"2":{"start":{"line":15,"column":4},"end":{"line":18,"column":6}},"3":{"start":{"line":16,"column":8},"end":{"line":16,"column":35}},"4":{"start":{"line":16,"column":28},"end":{"line":16,"column":35}},"5":{"start":{"line":17,"column":8},"end":{"line":17,"column":27}},"6":{"start":{"line":19,"column":4},"end":{"line":19,"column":15}},"7":{"start":{"line":37,"column":14},"end":{"line":37,"column":16}},"8":{"start":{"line":38,"column":17},"end":{"line":38,"column":18}},"9":{"start":{"line":40,"column":4},"end":{"line":54,"column":5}},"10":{"start":{"line":41,"column":19},"end":{"line":41,"column":40}},"11":{"start":{"line":42,"column":26},"end":{"line":42,"column":67}},"12":{"start":{"line":43,"column":24},"end":{"line":43,"column":39}},"13":{"start":{"line":44,"column":8},"end":{"line":44,"column":35}},"14":{"start":{"line":44,"column":22},"end":{"line":44,"column":35}},"15":{"start":{"line":45,"column":23},"end":{"line":45,"column":74}},"16":{"start":{"line":47,"column":25},"end":{"line":47,"column":58}},"17":{"start":{"line":48,"column":8},"end":{"line":53,"column":9}},"18":{"start":{"line":49,"column":12},"end":{"line":49,"column":27}},"19":{"start":{"line":50,"column":12},"end":{"line":50,"column":23}},"20":{"start":{"line":52,"column":12},"end":{"line":52,"column":24}},"21":{"start":{"line":55,"column":4},"end":{"line":55,"column":15}},"22":{"start":{"line":84,"column":20},"end":{"line":84,"column":43}},"23":{"start":{"line":85,"column":22},"end":{"line":85,"column":45}},"24":{"start":{"line":86,"column":28},"end":{"line":86,"column":54}},"25":{"start":{"line":87,"column":31},"end":{"line":87,"column":60}},"26":{"start":{"line":88,"column":30},"end":{"line":88,"column":58}},"27":{"start":{"line":89,"column":22},"end":{"line":89,"column":42}},"28":{"start":{"line":91,"column":24},"end":{"line":91,"column":25}},"29":{"start":{"line":92,"column":14},"end":{"line":92,"column":16}},"30":{"start":{"line":94,"column":18},"end":{"line":94,"column":28}},"31":{"start":{"line":95,"column":4},"end":{"line":104,"column":5}},"32":{"start":{"line":95,"column":15},"end":{"line":95,"column":16}},"33":{"start":{"line":96,"column":23},"end":{"line":96,"column":24}},"34":{"start":{"line":97,"column":17},"end":{"line":97,"column":83}},"35":{"start":{"line":98,"column":8},"end":{"line":101,"column":9}},"36":{"start":{"line":99,"column":12},"end":{"line":99,"column":84}},"37":{"start":{"line":100,"column":12},"end":{"line":100,"column":25}},"38":{"start":{"line":102,"column":8},"end":{"line":102,"column":21}},"39":{"start":{"line":103,"column":8},"end":{"line":103,"column":34}},"40":{"start":{"line":106,"column":28},"end":{"line":106,"column":59}},"41":{"start":{"line":107,"column":17},"end":{"line":107,"column":42}},"42":{"start":{"line":109,"column":4},"end":{"line":114,"column":5}},"43":{"start":{"line":132,"column":18},"end":{"line":132,"column":20}},"44":{"start":{"line":133,"column":4},"end":{"line":135,"column":5}},"45":{"start":{"line":133,"column":17},"end":{"line":133,"column":19}},"46":{"start":{"line":134,"column":8},"end":{"line":134,"column":43}},"47":{"start":{"line":137,"column":20},"end":{"line":142,"column":5}},"48":{"start":{"line":144,"column":21},"end":{"line":151,"column":5}},"49":{"start":{"line":153,"column":4},"end":{"line":153,"column":36}}},"fnMap":{"0":{"name":"findNonTerminals","decl":{"start":{"line":12,"column":9},"end":{"line":12,"column":25}},"loc":{"start":{"line":12,"column":32},"end":{"line":20,"column":1}},"line":12},"1":{"name":"(anonymous_1)","decl":{"start":{"line":15,"column":15},"end":{"line":15,"column":16}},"loc":{"start":{"line":15,"column":26},"end":{"line":18,"column":5}},"line":15},"2":{"name":"tryString","decl":{"start":{"line":36,"column":9},"end":{"line":36,"column":18}},"loc":{"start":{"line":36,"column":43},"end":{"line":56,"column":1}},"line":36},"3":{"name":"generateString","decl":{"start":{"line":83,"column":9},"end":{"line":83,"column":23}},"loc":{"start":{"line":83,"column":30},"end":{"line":115,"column":1}},"line":83},"4":{"name":"getString","decl":{"start":{"line":131,"column":9},"end":{"line":131,"column":18}},"loc":{"start":{"line":131,"column":30},"end":{"line":154,"column":1}},"line":131}},"branchMap":{"0":{"loc":{"start":{"line":16,"column":8},"end":{"line":16,"column":35}},"type":"if","locations":[{"start":{"line":16,"column":8},"end":{"line":16,"column":35}},{"start":{},"end":{}}],"line":16},"1":{"loc":{"start":{"line":40,"column":11},"end":{"line":40,"column":61}},"type":"binary-expr","locations":[{"start":{"line":40,"column":11},"end":{"line":40,"column":43}},{"start":{"line":40,"column":47},"end":{"line":40,"column":61}}],"line":40},"2":{"loc":{"start":{"line":44,"column":8},"end":{"line":44,"column":35}},"type":"if","locations":[{"start":{"line":44,"column":8},"end":{"line":44,"column":35}},{"start":{},"end":{}}],"line":44},"3":{"loc":{"start":{"line":48,"column":8},"end":{"line":53,"column":9}},"type":"if","locations":[{"start":{"line":48,"column":8},"end":{"line":53,"column":9}},{"start":{"line":51,"column":15},"end":{"line":53,"column":9}}],"line":48},"4":{"loc":{"start":{"line":84,"column":20},"end":{"line":84,"column":43}},"type":"binary-expr","locations":[{"start":{"line":84,"column":20},"end":{"line":84,"column":32}},{"start":{"line":84,"column":36},"end":{"line":84,"column":43}}],"line":84},"5":{"loc":{"start":{"line":85,"column":22},"end":{"line":85,"column":45}},"type":"binary-expr","locations":[{"start":{"line":85,"column":22},"end":{"line":85,"column":36}},{"start":{"line":85,"column":40},"end":{"line":85,"column":45}}],"line":85},"6":{"loc":{"start":{"line":86,"column":28},"end":{"line":86,"column":54}},"type":"binary-expr","locations":[{"start":{"line":86,"column":28},"end":{"line":86,"column":48}},{"start":{"line":86,"column":52},"end":{"line":86,"column":54}}],"line":86},"7":{"loc":{"start":{"line":87,"column":31},"end":{"line":87,"column":60}},"type":"binary-expr","locations":[{"start":{"line":87,"column":31},"end":{"line":87,"column":54}},{"start":{"line":87,"column":58},"end":{"line":87,"column":60}}],"line":87},"8":{"loc":{"start":{"line":88,"column":30},"end":{"line":88,"column":58}},"type":"binary-expr","locations":[{"start":{"line":88,"column":30},"end":{"line":88,"column":52}},{"start":{"line":88,"column":56},"end":{"line":88,"column":58}}],"line":88},"9":{"loc":{"start":{"line":89,"column":22},"end":{"line":89,"column":42}},"type":"binary-expr","locations":[{"start":{"line":89,"column":22},"end":{"line":89,"column":36}},{"start":{"line":89,"column":40},"end":{"line":89,"column":42}}],"line":89},"10":{"loc":{"start":{"line":98,"column":15},"end":{"line":98,"column":71}},"type":"binary-expr","locations":[{"start":{"line":98,"column":15},"end":{"line":98,"column":46}},{"start":{"line":98,"column":50},"end":{"line":98,"column":71}}],"line":98},"11":{"loc":{"start":{"line":131,"column":19},"end":{"line":131,"column":29}},"type":"default-arg","locations":[{"start":{"line":131,"column":26},"end":{"line":131,"column":29}}],"line":131},"12":{"loc":{"start":{"line":149,"column":25},"end":{"line":149,"column":38}},"type":"binary-expr","locations":[{"start":{"line":149,"column":25},"end":{"line":149,"column":31}},{"start":{"line":149,"column":35},"end":{"line":149,"column":38}}],"line":149}},"s":{"0":5283,"1":5283,"2":5283,"3":104076,"4":0,"5":104076,"6":5283,"7":51,"8":51,"9":51,"10":1727,"11":1727,"12":1727,"13":1727,"14":0,"15":1727,"16":1727,"17":1727,"18":1727,"19":1727,"20":0,"21":51,"22":1,"23":1,"24":1,"25":1,"26":1,"27":1,"28":1,"29":1,"30":1,"31":1,"32":1,"33":49,"34":49,"35":49,"36":2,"37":2,"38":49,"39":49,"40":1,"41":1,"42":1,"43":1,"44":1,"45":1,"46":94,"47":1,"48":1,"49":1},"f":{"0":5283,"1":104076,"2":51,"3":1,"4":1},"b":{"0":[0,104076],"1":[1778,1727],"2":[0,1727],"3":[1727,0],"4":[1,0],"5":[1,0],"6":[1,0],"7":[1,0],"8":[1,1],"9":[1,0],"10":[51,51],"11":[1],"12":[1,0]},"_coverageSchema":"1a1c01bbd47fc00a2c39e90264f33305004495a9","hash":"ab84f62f39b2b13cb25487cdafb903b9d60fc2ce"}
,"C:\\Users\\Horou\\Documents\\GitHub\\1d-final-project-2023-sds-2023-team-03\\frontend\\src\\unit_tests\\stub.js": {"path":"C:\\Users\\Horou\\Documents\\GitHub\\1d-final-project-2023-sds-2023-team-03\\frontend\\src\\unit_tests\\stub.js","statementMap":{"0":{"start":{"line":1,"column":0},"end":{"line":1,"column":17}}},"fnMap":{},"branchMap":{},"s":{"0":1},"f":{},"b":{},"_coverageSchema":"1a1c01bbd47fc00a2c39e90264f33305004495a9","hash":"ec82f557033242a4b4ae71200c6d4d820c1d7bc5"}
}
