TN:
SF:src\components\ErrorModal.jsx
FN:3,ErrorModal
FNF:1
FNH:1
FNDA:46,ErrorModal
DA:4,46
LF:1
LH:1
BRF:0
BRH:0
end_of_record
TN:
SF:src\components\merchandising_components\MerchandisingTable.jsx
FN:7,(anonymous_0)
FN:14,MerchandisingTable
FN:27,(anonymous_2)
FN:29,(anonymous_3)
FN:37,(anonymous_4)
FN:43,(anonymous_5)
FN:58,(anonymous_6)
FN:71,(anonymous_7)
FN:72,(anonymous_8)
FN:82,(anonymous_9)
FN:99,(anonymous_10)
FN:110,containsInsight
FN:111,(anonymous_12)
FN:116,containsInsightSeverity
FN:117,(anonymous_14)
FN:122,checkAnomalous
FN:130,(anonymous_16)
FN:145,(anonymous_17)
FN:168,(anonymous_18)
FN:213,(anonymous_19)
FN:220,(anonymous_20)
FN:226,(anonymous_21)
FNF:22
FNH:20
FNDA:78,(anonymous_0)
FNDA:78,MerchandisingTable
FNDA:78,(anonymous_2)
FNDA:15600,(anonymous_3)
FNDA:18,(anonymous_4)
FNDA:48,(anonymous_5)
FNDA:11654,(anonymous_6)
FNDA:6000,(anonymous_7)
FNDA:9420,(anonymous_8)
FNDA:4284,(anonymous_9)
FNDA:0,(anonymous_10)
FNDA:7300,containsInsight
FNDA:8141,(anonymous_12)
FNDA:38335,containsInsightSeverity
FNDA:41027,(anonymous_14)
FNDA:3550,checkAnomalous
FNDA:17750,(anonymous_16)
FNDA:3550,(anonymous_17)
FNDA:10,(anonymous_18)
FNDA:3550,(anonymous_19)
FNDA:0,(anonymous_20)
FNDA:3,(anonymous_21)
DA:7,78
DA:15,78
DA:16,78
DA:17,78
DA:18,78
DA:19,78
DA:23,78
DA:24,78
DA:25,78
DA:26,78
DA:27,78
DA:28,78
DA:29,15600
DA:30,78
DA:32,78
DA:35,78
DA:37,78
DA:38,18
DA:39,18
DA:40,18
DA:43,78
DA:44,48
DA:45,18
DA:46,18
DA:47,30
DA:48,0
DA:49,30
DA:50,0
DA:53,30
DA:54,30
DA:56,30
DA:57,30
DA:58,30
DA:59,11654
DA:60,10382
DA:61,10382
DA:63,1272
DA:64,1272
DA:67,11654
DA:68,8145
DA:69,901
DA:72,9420
DA:73,0
DA:76,6000
DA:77,1716
DA:79,4284
DA:82,30
DA:83,4284
DA:84,200
DA:85,200
DA:86,200
DA:87,0
DA:88,0
DA:89,0
DA:93,200
DA:96,30
DA:97,30
DA:99,0
DA:100,0
DA:104,30
DA:105,30
DA:106,30
DA:107,30
DA:111,7300
DA:112,8141
DA:117,38335
DA:118,41027
DA:123,3550
DA:124,3550
DA:126,0
DA:130,17750
DA:132,78
DA:146,3550
DA:168,10
DA:213,3550
DA:220,0
DA:227,3
LF:77
LH:67
BRDA:26,0,0,78
BRDA:26,0,1,0
BRDA:29,1,0,78
BRDA:29,1,1,0
BRDA:40,2,0,18
BRDA:40,2,1,0
BRDA:44,3,0,18
BRDA:44,3,1,30
BRDA:44,4,0,48
BRDA:44,4,1,18
BRDA:47,5,0,0
BRDA:47,5,1,30
BRDA:49,6,0,0
BRDA:49,6,1,30
BRDA:59,7,0,10382
BRDA:59,7,1,1272
BRDA:67,8,0,3509
BRDA:67,8,1,8145
BRDA:67,9,0,0
BRDA:67,9,1,3509
BRDA:68,10,0,7244
BRDA:68,10,1,901
BRDA:68,11,0,870
BRDA:68,11,1,6374
BRDA:72,12,0,0
BRDA:72,12,1,6000
BRDA:72,13,0,6000
BRDA:72,13,1,6000
BRDA:76,14,0,1716
BRDA:76,14,1,4284
BRDA:76,15,0,6000
BRDA:76,15,1,2000
BRDA:83,16,0,4084
BRDA:83,16,1,200
BRDA:86,17,0,0
BRDA:86,17,1,200
BRDA:86,18,0,200
BRDA:86,18,1,200
BRDA:93,19,0,0
BRDA:93,19,1,200
BRDA:93,20,0,200
BRDA:93,20,1,200
BRDA:96,21,0,30
BRDA:96,21,1,0
BRDA:123,22,0,3550
BRDA:123,22,1,0
BRDA:123,23,0,3550
BRDA:123,23,1,3550
BRDA:123,23,2,0
BRDA:130,24,0,17750
BRDA:130,24,1,16835
BRDA:155,25,0,0
BRDA:155,25,1,3550
BRDA:156,26,0,226
BRDA:156,26,1,3324
BRDA:157,27,0,183
BRDA:157,27,1,3367
BRDA:158,28,0,0
BRDA:158,28,1,3550
BRF:59
BRH:45
end_of_record
TN:
SF:src\components\merchandising_components\ProductInsights.jsx
FN:9,(anonymous_0)
FN:22,ProductInsights
FN:25,(anonymous_2)
FN:28,(anonymous_3)
FN:29,(anonymous_4)
FN:41,(anonymous_5)
FNF:6
FNH:6
FNDA:1,(anonymous_0)
FNDA:3,ProductInsights
FNDA:1,(anonymous_2)
FNDA:3,(anonymous_3)
FNDA:4,(anonymous_4)
FNDA:6,(anonymous_5)
DA:9,2
DA:23,3
DA:25,3
DA:26,1
DA:27,1
DA:28,3
DA:30,4
DA:31,4
DA:32,4
DA:33,1
DA:34,0
DA:39,3
DA:40,3
DA:42,6
DA:43,6
DA:44,6
LF:16
LH:15
BRDA:26,0,0,0
BRDA:26,0,1,1
BRDA:32,1,0,3
BRDA:32,1,1,1
BRDA:33,2,0,1
BRDA:33,2,1,0
BRDA:42,3,0,0
BRDA:42,3,1,6
BRDA:42,4,0,2
BRDA:42,4,1,4
BRDA:42,5,0,2
BRDA:42,5,1,2
BRDA:42,6,0,2
BRDA:42,6,1,0
BRDA:43,7,0,2
BRDA:43,7,1,4
BRDA:43,8,0,2
BRDA:43,8,1,2
BRDA:43,9,0,4
BRDA:43,9,1,4
BRDA:48,10,0,0
BRDA:48,10,1,6
BRDA:48,11,0,6
BRDA:48,11,1,6
BRF:24
BRH:19
end_of_record
TN:
SF:src\components\sales_components\CategorySearch.jsx
FN:13,(anonymous_0)
FN:33,(anonymous_1)
FN:40,getProductData
FN:61,requestData
FN:63,(anonymous_4)
FN:73,(anonymous_5)
FN:80,handleDateSegment
FN:100,renderDatePick
FN:119,(anonymous_8)
FN:134,(anonymous_9)
FNF:10
FNH:9
FNDA:27,(anonymous_0)
FNDA:14,(anonymous_1)
FNDA:11,getProductData
FNDA:11,requestData
FNDA:0,(anonymous_4)
FNDA:10,(anonymous_5)
FNDA:4,handleDateSegment
FNDA:27,renderDatePick
FNDA:1,(anonymous_8)
FNDA:3,(anonymous_9)
DA:13,1
DA:15,27
DA:16,27
DA:17,27
DA:18,27
DA:19,27
DA:22,27
DA:23,27
DA:24,27
DA:25,27
DA:26,27
DA:29,27
DA:30,27
DA:31,27
DA:33,27
DA:34,14
DA:35,11
DA:42,11
DA:43,0
DA:45,11
DA:48,11
DA:49,11
DA:50,11
DA:62,11
DA:63,11
DA:64,0
DA:72,0
DA:74,10
DA:75,10
DA:77,11
DA:81,4
DA:82,4
DA:84,1
DA:85,1
DA:87,1
DA:88,1
DA:90,1
DA:91,1
DA:93,1
DA:94,1
DA:101,27
DA:103,3
DA:119,1
DA:127,24
DA:134,3
DA:145,27
LF:46
LH:43
BRDA:34,0,0,11
BRDA:34,0,1,3
BRDA:34,1,0,14
BRDA:34,1,1,3
BRDA:34,1,2,0
BRDA:42,2,0,0
BRDA:42,2,1,11
BRDA:82,3,0,1
BRDA:82,3,1,1
BRDA:82,3,2,1
BRDA:82,3,3,1
BRDA:101,4,0,3
BRDA:101,4,1,24
BRF:13
BRH:11
end_of_record
TN:
SF:src\components\sales_components\CategorySelect.jsx
FN:3,CategorySelect
FNF:1
FNH:1
FNDA:26,CategorySelect
DA:4,26
LF:1
LH:1
BRF:0
BRH:0
end_of_record
TN:
SF:src\components\sales_components\DateSegment.jsx
FN:7,(anonymous_0)
FNF:1
FNH:1
FNDA:23,(anonymous_0)
DA:7,1
DA:8,23
DA:15,23
LF:3
LH:3
BRF:0
BRH:0
end_of_record
TN:
SF:src\components\sales_components\SalesBar.jsx
FN:3,SalesBar
FN:6,(anonymous_1)
FN:23,(anonymous_2)
FN:72,(anonymous_3)
FN:86,(anonymous_4)
FNF:5
FNH:4
FNDA:11,SalesBar
FNDA:11,(anonymous_1)
FNDA:76,(anonymous_2)
FNDA:0,(anonymous_3)
FNDA:76,(anonymous_4)
DA:4,11
DA:6,11
DA:7,11
DA:11,11
DA:12,0
DA:20,11
DA:21,11
DA:24,76
DA:28,11
DA:30,11
DA:31,10
DA:32,1
DA:33,1
DA:36,11
DA:73,0
DA:87,76
DA:104,11
DA:105,11
DA:106,0
DA:107,11
DA:108,4
DA:110,11
LF:22
LH:19
BRDA:3,0,0,0
BRDA:3,1,0,0
BRDA:11,2,0,0
BRDA:11,2,1,11
BRDA:30,3,0,10
BRDA:30,3,1,1
BRDA:32,4,0,1
BRDA:32,4,1,0
BRDA:32,5,0,1
BRDA:32,5,1,1
BRDA:73,6,0,0
BRDA:73,6,1,0
BRDA:87,7,0,16
BRDA:87,7,1,60
BRDA:98,8,0,3
BRDA:98,8,1,8
BRDA:105,9,0,0
BRDA:105,9,1,11
BRDA:107,10,0,4
BRDA:107,10,1,7
BRF:20
BRH:13
end_of_record
TN:
SF:src\components\sales_components\SalesSegment.jsx
FN:3,SalesSegment
FNF:1
FNH:1
FNDA:3,SalesSegment
DA:4,3
DA:11,3
LF:2
LH:2
BRF:0
BRH:0
end_of_record
TN:
SF:src\robustness_tests\merch_table_fuzzer.js
FN:12,findNonTerminals
FN:15,(anonymous_1)
FN:36,tryString
FN:83,generateString
FN:131,getString
FNF:5
FNH:5
FNDA:18979,findNonTerminals
FNDA:578695,(anonymous_1)
FNDA:54,tryString
FNDA:1,generateString
FNDA:1,getString
DA:13,18979
DA:14,18979
DA:15,18979
DA:16,578695
DA:17,578695
DA:19,18979
DA:37,54
DA:38,54
DA:40,54
DA:41,6291
DA:42,6291
DA:43,6291
DA:44,6291
DA:45,6290
DA:47,6290
DA:48,6290
DA:49,6290
DA:50,6290
DA:52,0
DA:55,53
DA:84,1
DA:85,1
DA:86,1
DA:87,1
DA:88,1
DA:89,1
DA:91,1
DA:92,1
DA:94,1
DA:95,1
DA:96,49
DA:97,49
DA:98,49
DA:99,5
DA:100,5
DA:102,49
DA:103,49
DA:106,1
DA:107,1
DA:109,1
DA:132,1
DA:133,1
DA:134,94
DA:137,1
DA:144,1
DA:153,1
LF:46
LH:45
BRDA:16,0,0,0
BRDA:16,0,1,578695
BRDA:40,1,0,6344
BRDA:40,1,1,6291
BRDA:44,2,0,1
BRDA:44,2,1,6290
BRDA:48,3,0,6290
BRDA:48,3,1,0
BRDA:84,4,0,1
BRDA:84,4,1,0
BRDA:85,5,0,1
BRDA:85,5,1,0
BRDA:86,6,0,1
BRDA:86,6,1,0
BRDA:87,7,0,1
BRDA:87,7,1,0
BRDA:88,8,0,1
BRDA:88,8,1,1
BRDA:89,9,0,1
BRDA:89,9,1,0
BRDA:98,10,0,54
BRDA:98,10,1,53
BRDA:131,11,0,1
BRDA:149,12,0,1
BRDA:149,12,1,0
BRF:25
BRH:17
end_of_record
TN:
SF:src\unit_tests\stub.js
FNF:0
FNH:0
DA:1,1
LF:1
LH:1
BRF:0
BRH:0
end_of_record
