TN:
SF:src\components\ErrorModal.jsx
FN:3,ErrorModal
FNF:1
FNH:0
FNDA:0,ErrorModal
DA:4,0
LF:1
LH:0
BRF:0
BRH:0
end_of_record
TN:
SF:src\components\sales_components\CategorySearch.jsx
FN:13,(anonymous_0)
FN:34,(anonymous_1)
FN:41,getProductData
FN:62,requestData
FN:64,(anonymous_4)
FN:74,(anonymous_5)
FN:81,handleDateSegment
FN:101,renderDatePick
FN:120,(anonymous_8)
FN:135,(anonymous_9)
FNF:10
FNH:0
FNDA:0,(anonymous_0)
FNDA:0,(anonymous_1)
FNDA:0,getProductData
FNDA:0,requestData
FNDA:0,(anonymous_4)
FNDA:0,(anonymous_5)
FNDA:0,handleDateSegment
FNDA:0,renderDatePick
FNDA:0,(anonymous_8)
FNDA:0,(anonymous_9)
DA:13,1
DA:15,0
DA:16,0
DA:17,0
DA:18,0
DA:19,0
DA:22,0
DA:23,0
DA:24,0
DA:25,0
DA:26,0
DA:29,0
DA:30,0
DA:31,0
DA:34,0
DA:35,0
DA:36,0
DA:43,0
DA:44,0
DA:46,0
DA:49,0
DA:50,0
DA:51,0
DA:63,0
DA:64,0
DA:65,0
DA:73,0
DA:75,0
DA:76,0
DA:78,0
DA:82,0
DA:83,0
DA:85,0
DA:86,0
DA:88,0
DA:89,0
DA:91,0
DA:92,0
DA:94,0
DA:95,0
DA:102,0
DA:104,0
DA:120,0
DA:128,0
DA:135,0
DA:146,0
LF:46
LH:1
BRDA:35,0,0,0
BRDA:35,0,1,0
BRDA:35,1,0,0
BRDA:35,1,1,0
BRDA:35,1,2,0
BRDA:43,2,0,0
BRDA:43,2,1,0
BRDA:83,3,0,0
BRDA:83,3,1,0
BRDA:83,3,2,0
BRDA:83,3,3,0
BRDA:102,4,0,0
BRDA:102,4,1,0
BRF:13
BRH:0
end_of_record
TN:
SF:src\components\sales_components\CategorySelect.jsx
FN:3,CategorySelect
FNF:1
FNH:1
FNDA:3,CategorySelect
DA:4,3
LF:1
LH:1
BRF:0
BRH:0
end_of_record
TN:
SF:src\components\sales_components\DateSegment.jsx
FN:7,(anonymous_0)
FNF:1
FNH:1
FNDA:3,(anonymous_0)
DA:7,1
DA:8,3
DA:15,3
LF:3
LH:3
BRF:0
BRH:0
end_of_record
TN:
SF:src\components\sales_components\SalesBar.jsx
FN:3,SalesBar
FN:6,(anonymous_1)
FN:23,(anonymous_2)
FN:72,(anonymous_3)
FN:86,(anonymous_4)
FNF:5
FNH:0
FNDA:0,SalesBar
FNDA:0,(anonymous_1)
FNDA:0,(anonymous_2)
FNDA:0,(anonymous_3)
FNDA:0,(anonymous_4)
DA:4,0
DA:6,0
DA:7,0
DA:11,0
DA:12,0
DA:20,0
DA:21,0
DA:24,0
DA:28,0
DA:30,0
DA:31,0
DA:32,0
DA:33,0
DA:36,0
DA:73,0
DA:87,0
DA:104,0
DA:105,0
DA:106,0
DA:107,0
DA:108,0
DA:110,0
LF:22
LH:0
BRDA:3,0,0,0
BRDA:11,1,0,0
BRDA:11,1,1,0
BRDA:30,2,0,0
BRDA:30,2,1,0
BRDA:32,3,0,0
BRDA:32,3,1,0
BRDA:32,4,0,0
BRDA:32,4,1,0
BRDA:73,5,0,0
BRDA:73,5,1,0
BRDA:87,6,0,0
BRDA:87,6,1,0
BRDA:98,7,0,0
BRDA:98,7,1,0
BRDA:105,8,0,0
BRDA:105,8,1,0
BRDA:107,9,0,0
BRDA:107,9,1,0
BRF:19
BRH:0
end_of_record
TN:
SF:src\components\sales_components\SalesSegment.jsx
FN:3,SalesSegment
FNF:1
FNH:0
FNDA:0,SalesSegment
DA:4,0
DA:12,0
LF:2
LH:0
BRF:0
BRH:0
end_of_record
TN:
SF:src\unit_tests\stub.js
FNF:0
FNH:0
DA:1,1
LF:1
LH:1
BRF:0
BRH:0
end_of_record
